[0mCompiling "resources/public/js/main.js" from ["src/cljs/"]...
notifying browser that file changed:  resources/public/js/goog/deps.js
notifying browser that file changed:  resources/public/js/cljs_deps.js
notifying browser that file changed:  out/dictionator/core.js
[32mSuccessfully compiled "resources/public/js/main.js" in 1.458 seconds.[0m
[0mCompiling "resources/public/js/main.js" from ["src/cljs/"]...
notifying browser that file changed:  out/dictionator/core.js
[32mSuccessfully compiled "resources/public/js/main.js" in 0.579 seconds.[0m
[0mCompiling "resources/public/js/main.js" from ["src/cljs/"]...
notifying browser that file changed:  out/dictionator/core.js
[32mSuccessfully compiled "resources/public/js/main.js" in 0.866 seconds.[0m
[0mCompiling "resources/public/js/main.js" from ["src/cljs/"]...
[31mCompiling "resources/public/js/main.js" failed.
[0mANALYSIS ERROR: Too few arguments to if at line 21 /Users/Dajanka/Development/dictionator/src/cljs/dictionator/core.cljs on file /Users/Dajanka/Development/dictionator/src/cljs/dictionator/core.cljs, line 21, column 62
[32mSuccessfully compiled "resources/public/js/main.js" in 0.516 seconds.[0m
[0mCompiling "resources/public/js/main.js" from ["src/cljs/"]...
[31mCompiling "resources/public/js/main.js" failed.
[0mANALYSIS ERROR: Too few arguments to if at line 33 /Users/Dajanka/Development/dictionator/src/cljs/dictionator/core.cljs on file /Users/Dajanka/Development/dictionator/src/cljs/dictionator/core.cljs, line 33, column 56
[32mSuccessfully compiled "resources/public/js/main.js" in 0.563 seconds.[0m
[0mCompiling "resources/public/js/main.js" from ["src/cljs/"]...
[31mCompiling "resources/public/js/main.js" failed.
[0mANALYSIS ERROR: Too few arguments to if at line 35 /Users/Dajanka/Development/dictionator/src/cljs/dictionator/core.cljs on file /Users/Dajanka/Development/dictionator/src/cljs/dictionator/core.cljs, line 35, column 56
[32mSuccessfully compiled "resources/public/js/main.js" in 0.279 seconds.[0m
[0mCompiling "resources/public/js/main.js" from ["src/cljs/"]...
WARNING: Use of undeclared Var dictionator.core/??? at line 38 /Users/Dajanka/Development/dictionator/src/cljs/dictionator/core.cljs
WARNING: Use of undeclared Var dictionator.core/??? at line 40 /Users/Dajanka/Development/dictionator/src/cljs/dictionator/core.cljs
WARNING: Use of undeclared Var dictionator.core/input-name at line 42 /Users/Dajanka/Development/dictionator/src/cljs/dictionator/core.cljs
notifying browser that file changed:  out/dictionator/core.js
[32mSuccessfully compiled "resources/public/js/main.js" in 1.011 seconds.[0m
[0mCompiling "resources/public/js/main.js" from ["src/cljs/"]...
[31mCompiling "resources/public/js/main.js" failed.
[0mANALYSIS ERROR: Wrong number of args (2) passed to: dom/div at line 21 /Users/Dajanka/Development/dictionator/src/cljs/dictionator/core.cljs on file /Users/Dajanka/Development/dictionator/src/cljs/dictionator/core.cljs, line 21, column 11
[32mSuccessfully compiled "resources/public/js/main.js" in 0.274 seconds.[0m
[0mCompiling "resources/public/js/main.js" from ["src/cljs/"]...
[31mCompiling "resources/public/js/main.js" failed.
[0mANALYSIS ERROR: Wrong number of args (2) passed to: dom/div at line 16 /Users/Dajanka/Development/dictionator/src/cljs/dictionator/core.cljs on file /Users/Dajanka/Development/dictionator/src/cljs/dictionator/core.cljs, line 16, column 11
[32mSuccessfully compiled "resources/public/js/main.js" in 0.218 seconds.[0m
[0mCompiling "resources/public/js/main.js" from ["src/cljs/"]...
[31mCompiling "resources/public/js/main.js" failed.
[0mANALYSIS ERROR: Wrong number of args (2) passed to: dom/div at line 16 /Users/Dajanka/Development/dictionator/src/cljs/dictionator/core.cljs on file /Users/Dajanka/Development/dictionator/src/cljs/dictionator/core.cljs, line 16, column 11
[32mSuccessfully compiled "resources/public/js/main.js" in 0.195 seconds.[0m
[0mCompiling "resources/public/js/main.js" from ["src/cljs/"]...
[31mCompiling "resources/public/js/main.js" failed.
[0mANALYSIS ERROR: Wrong number of args (2) passed to: dom/div at line 18 /Users/Dajanka/Development/dictionator/src/cljs/dictionator/core.cljs on file /Users/Dajanka/Development/dictionator/src/cljs/dictionator/core.cljs, line 18, column 11
[32mSuccessfully compiled "resources/public/js/main.js" in 0.232 seconds.[0m
[0mCompiling "resources/public/js/main.js" from ["src/cljs/"]...
[31mCompiling "resources/public/js/main.js" failed.
[0mANALYSIS ERROR: Wrong number of args (2) passed to: dom/div at line 18 /Users/Dajanka/Development/dictionator/src/cljs/dictionator/core.cljs on file /Users/Dajanka/Development/dictionator/src/cljs/dictionator/core.cljs, line 18, column 11
[32mSuccessfully compiled "resources/public/js/main.js" in 0.144 seconds.[0m
[0mCompiling "resources/public/js/main.js" from ["src/cljs/"]...
[31mCompiling "resources/public/js/main.js" failed.
[0mANALYSIS ERROR: Wrong number of args (2) passed to: dom/div at line 28 /Users/Dajanka/Development/dictionator/src/cljs/dictionator/core.cljs on file /Users/Dajanka/Development/dictionator/src/cljs/dictionator/core.cljs, line 28, column 11
[32mSuccessfully compiled "resources/public/js/main.js" in 0.191 seconds.[0m
[0mCompiling "resources/public/js/main.js" from ["src/cljs/"]...
[31mCompiling "resources/public/js/main.js" failed.
[0mANALYSIS ERROR: Wrong number of args (2) passed to: dom/div at line 28 /Users/Dajanka/Development/dictionator/src/cljs/dictionator/core.cljs on file /Users/Dajanka/Development/dictionator/src/cljs/dictionator/core.cljs, line 28, column 11
[32mSuccessfully compiled "resources/public/js/main.js" in 0.216 seconds.[0m
[0mCompiling "resources/public/js/main.js" from ["src/cljs/"]...
WARNING: Bad extend-type method shape for protocol Object method defui, method arities must be grouped together at line 15 /Users/Dajanka/Development/dictionator/src/cljs/dictionator/core.cljs
WARNING: Use of undeclared Var dictionator.core/??? at line 19 /Users/Dajanka/Development/dictionator/src/cljs/dictionator/core.cljs
[31mCompiling "resources/public/js/main.js" failed.
[0mANALYSIS ERROR: nth not supported on this type: Symbol at line 28 /Users/Dajanka/Development/dictionator/src/cljs/dictionator/core.cljs on file /Users/Dajanka/Development/dictionator/src/cljs/dictionator/core.cljs, line 28, column 3
[32mSuccessfully compiled "resources/public/js/main.js" in 0.206 seconds.[0m
[0mCompiling "resources/public/js/main.js" from ["src/cljs/"]...
WARNING: Bad extend-type method shape for protocol Object method defui, method arities must be grouped together at line 15 /Users/Dajanka/Development/dictionator/src/cljs/dictionator/core.cljs
[31mCompiling "resources/public/js/main.js" failed.
[0mANALYSIS ERROR: nth not supported on this type: Symbol at line 25 /Users/Dajanka/Development/dictionator/src/cljs/dictionator/core.cljs on file /Users/Dajanka/Development/dictionator/src/cljs/dictionator/core.cljs, line 25, column 3
[32mSuccessfully compiled "resources/public/js/main.js" in 0.149 seconds.[0m
[0mCompiling "resources/public/js/main.js" from ["src/cljs/"]...
[31mCompiling "resources/public/js/main.js" failed.
[0mERROR: EOF while reading, starting at line 35 and column 38 on file /Users/Dajanka/Development/dictionator/src/cljs/dictionator/core.cljs, line 72, column 1
[32mSuccessfully compiled "resources/public/js/main.js" in 0.15 seconds.[0m
[0mCompiling "resources/public/js/main.js" from ["src/cljs/"]...
WARNING: Use of undeclared Var dictionator.core/??? at line 48 /Users/Dajanka/Development/dictionator/src/cljs/dictionator/core.cljs
[31mCompiling "resources/public/js/main.js" failed.
[0mANALYSIS ERROR: Too few arguments to if at line 50 /Users/Dajanka/Development/dictionator/src/cljs/dictionator/core.cljs on file /Users/Dajanka/Development/dictionator/src/cljs/dictionator/core.cljs, line 50, column 56
[32mSuccessfully compiled "resources/public/js/main.js" in 0.266 seconds.[0m
[0mCompiling "resources/public/js/main.js" from ["src/cljs/"]...
WARNING: InputName at line 27 is being replaced at line 40 /Users/Dajanka/Development/dictionator/src/cljs/dictionator/core.cljs
WARNING: Use of undeclared Var dictionator.core/??? at line 51 /Users/Dajanka/Development/dictionator/src/cljs/dictionator/core.cljs
[31mCompiling "resources/public/js/main.js" failed.
[0mANALYSIS ERROR: Too few arguments to if at line 53 /Users/Dajanka/Development/dictionator/src/cljs/dictionator/core.cljs on file /Users/Dajanka/Development/dictionator/src/cljs/dictionator/core.cljs, line 53, column 56
[32mSuccessfully compiled "resources/public/js/main.js" in 0.434 seconds.[0m
[0mCompiling "resources/public/js/main.js" from ["src/cljs/"]...
WARNING: InputName at line 27 is being replaced at line 40 /Users/Dajanka/Development/dictionator/src/cljs/dictionator/core.cljs
WARNING: Use of undeclared Var dictionator.core/??? at line 51 /Users/Dajanka/Development/dictionator/src/cljs/dictionator/core.cljs
[31mCompiling "resources/public/js/main.js" failed.
[0mANALYSIS ERROR: Too few arguments to if at line 53 /Users/Dajanka/Development/dictionator/src/cljs/dictionator/core.cljs on file /Users/Dajanka/Development/dictionator/src/cljs/dictionator/core.cljs, line 53, column 56
[32mSuccessfully compiled "resources/public/js/main.js" in 0.304 seconds.[0m
[0mCompiling "resources/public/js/main.js" from ["src/cljs/"]...
WARNING: InputName at line 27 is being replaced at line 40 /Users/Dajanka/Development/dictionator/src/cljs/dictionator/core.cljs
WARNING: Use of undeclared Var dictionator.core/??? at line 54 /Users/Dajanka/Development/dictionator/src/cljs/dictionator/core.cljs
[31mCompiling "resources/public/js/main.js" failed.
[0mANALYSIS ERROR: Too few arguments to if at line 56 /Users/Dajanka/Development/dictionator/src/cljs/dictionator/core.cljs on file /Users/Dajanka/Development/dictionator/src/cljs/dictionator/core.cljs, line 56, column 56
[32mSuccessfully compiled "resources/public/js/main.js" in 0.488 seconds.[0m
[0mCompiling "resources/public/js/main.js" from ["src/cljs/"]...
WARNING: InputName at line 27 is being replaced at line 40 /Users/Dajanka/Development/dictionator/src/cljs/dictionator/core.cljs
WARNING: Use of undeclared Var dictionator.core/??? at line 55 /Users/Dajanka/Development/dictionator/src/cljs/dictionator/core.cljs
[31mCompiling "resources/public/js/main.js" failed.
[0mANALYSIS ERROR: Too few arguments to if at line 57 /Users/Dajanka/Development/dictionator/src/cljs/dictionator/core.cljs on file /Users/Dajanka/Development/dictionator/src/cljs/dictionator/core.cljs, line 57, column 56
[32mSuccessfully compiled "resources/public/js/main.js" in 0.401 seconds.[0m
[0mCompiling "resources/public/js/main.js" from ["src/cljs/"]...
WARNING: InputName at line 27 is being replaced at line 40 /Users/Dajanka/Development/dictionator/src/cljs/dictionator/core.cljs
WARNING: Use of undeclared Var dictionator.core/??? at line 55 /Users/Dajanka/Development/dictionator/src/cljs/dictionator/core.cljs
[31mCompiling "resources/public/js/main.js" failed.
[0mANALYSIS ERROR: Too few arguments to if at line 57 /Users/Dajanka/Development/dictionator/src/cljs/dictionator/core.cljs on file /Users/Dajanka/Development/dictionator/src/cljs/dictionator/core.cljs, line 57, column 56
[32mSuccessfully compiled "resources/public/js/main.js" in 0.271 seconds.[0m
[0mCompiling "resources/public/js/main.js" from ["src/cljs/"]...
WARNING: Use of undeclared Var dictionator.core/??? at line 55 /Users/Dajanka/Development/dictionator/src/cljs/dictionator/core.cljs
WARNING: Use of undeclared Var dictionator.core/actual-screen at line 58 /Users/Dajanka/Development/dictionator/src/cljs/dictionator/core.cljs
WARNING: Use of undeclared Var dictionator.core/actual-screen at line 59 /Users/Dajanka/Development/dictionator/src/cljs/dictionator/core.cljs
[31mCompiling "resources/public/js/main.js" failed.
[0mANALYSIS ERROR: nth not supported on this type: Symbol at line 63 /Users/Dajanka/Development/dictionator/src/cljs/dictionator/core.cljs on file /Users/Dajanka/Development/dictionator/src/cljs/dictionator/core.cljs, line 63, column 3
[32mSuccessfully compiled "resources/public/js/main.js" in 0.508 seconds.[0m
[0mCompiling "resources/public/js/main.js" from ["src/cljs/"]...
WARNING: Use of undeclared Var dictionator.core/??? at line 55 /Users/Dajanka/Development/dictionator/src/cljs/dictionator/core.cljs
WARNING: Use of undeclared Var dictionator.core/actual-screen at line 58 /Users/Dajanka/Development/dictionator/src/cljs/dictionator/core.cljs
WARNING: Use of undeclared Var dictionator.core/actual-screen at line 59 /Users/Dajanka/Development/dictionator/src/cljs/dictionator/core.cljs
notifying browser that file changed:  out/dictionator/core.js
[32mSuccessfully compiled "resources/public/js/main.js" in 1.646 seconds.[0m
[0mCompiling "resources/public/js/main.js" from ["src/cljs/"]...
WARNING: Use of undeclared Var dictionator.core/actual-screen at line 45 /Users/Dajanka/Development/dictionator/src/cljs/dictionator/core.cljs
WARNING: Use of undeclared Var dictionator.core/actual-screen at line 46 /Users/Dajanka/Development/dictionator/src/cljs/dictionator/core.cljs
[31mCompiling "resources/public/js/main.js" failed.
[0mERROR: Unmatched delimiter ) on file /Users/Dajanka/Development/dictionator/src/cljs/dictionator/core.cljs, line 46, column 53
[32mSuccessfully compiled "resources/public/js/main.js" in 0.388 seconds.[0m
[0mCompiling "resources/public/js/main.js" from ["src/cljs/"]...
WARNING: Use of undeclared Var dictionator.core/actual-screen at line 45 /Users/Dajanka/Development/dictionator/src/cljs/dictionator/core.cljs
WARNING: Use of undeclared Var dictionator.core/actual-screen at line 46 /Users/Dajanka/Development/dictionator/src/cljs/dictionator/core.cljs
[31mCompiling "resources/public/js/main.js" failed.
[0mERROR: Unmatched delimiter ) on file /Users/Dajanka/Development/dictionator/src/cljs/dictionator/core.cljs, line 46, column 53
[32mSuccessfully compiled "resources/public/js/main.js" in 0.529 seconds.[0m
[0mCompiling "resources/public/js/main.js" from ["src/cljs/"]...
WARNING: Use of undeclared Var dictionator.core/actual-screen at line 45 /Users/Dajanka/Development/dictionator/src/cljs/dictionator/core.cljs
WARNING: Use of undeclared Var dictionator.core/actual-screen at line 46 /Users/Dajanka/Development/dictionator/src/cljs/dictionator/core.cljs
[31mCompiling "resources/public/js/main.js" failed.
[0mERROR: EOF while reading, starting at line 48 and column 1 on file /Users/Dajanka/Development/dictionator/src/cljs/dictionator/core.cljs, line 85, column 1
[32mSuccessfully compiled "resources/public/js/main.js" in 0.248 seconds.[0m
[0mCompiling "resources/public/js/main.js" from ["src/cljs/"]...
WARNING: Use of undeclared Var dictionator.core/actual-screen at line 45 /Users/Dajanka/Development/dictionator/src/cljs/dictionator/core.cljs
WARNING: Use of undeclared Var dictionator.core/actual-screen at line 46 /Users/Dajanka/Development/dictionator/src/cljs/dictionator/core.cljs
notifying browser that file changed:  out/dictionator/core.js
[32mSuccessfully compiled "resources/public/js/main.js" in 0.733 seconds.[0m
[0mCompiling "resources/public/js/main.js" from ["src/cljs/"]...
WARNING: Wrong number of args (2) passed to dictionator.core/screens at line 61 /Users/Dajanka/Development/dictionator/src/cljs/dictionator/core.cljs
WARNING: Wrong number of args (2) passed to dictionator.core/screens at line 63 /Users/Dajanka/Development/dictionator/src/cljs/dictionator/core.cljs
notifying browser that file changed:  out/dictionator/core.js
[32mSuccessfully compiled "resources/public/js/main.js" in 0.524 seconds.[0m
[0mCompiling "resources/public/js/main.js" from ["src/cljs/"]...
WARNING: Use of undeclared Var dictionator.core/actual-screen at line 61 /Users/Dajanka/Development/dictionator/src/cljs/dictionator/core.cljs
WARNING: Use of undeclared Var dictionator.core/actual-screen at line 63 /Users/Dajanka/Development/dictionator/src/cljs/dictionator/core.cljs
notifying browser that file changed:  out/dictionator/core.js
[32mSuccessfully compiled "resources/public/js/main.js" in 0.709 seconds.[0m
[0mCompiling "resources/public/js/main.js" from ["src/cljs/"]...
notifying browser that file changed:  out/dictionator/core.js
[32mSuccessfully compiled "resources/public/js/main.js" in 0.889 seconds.[0m
[0mCompiling "resources/public/js/main.js" from ["src/cljs/"]...
notifying browser that file changed:  out/dictionator/core.js
[32mSuccessfully compiled "resources/public/js/main.js" in 0.736 seconds.[0m
[0mCompiling "resources/public/js/main.js" from ["src/cljs/"]...
notifying browser that file changed:  out/dictionator/core.js
[32mSuccessfully compiled "resources/public/js/main.js" in 0.484 seconds.[0m
[0mCompiling "resources/public/js/main.js" from ["src/cljs/"]...
notifying browser that file changed:  out/dictionator/core.js
[32mSuccessfully compiled "resources/public/js/main.js" in 0.777 seconds.[0m
[0mCompiling "resources/public/js/main.js" from ["src/cljs/"]...
notifying browser that file changed:  out/dictionator/core.js
[32mSuccessfully compiled "resources/public/js/main.js" in 0.942 seconds.[0m
[0mCompiling "resources/public/js/main.js" from ["src/cljs/"]...
notifying browser that file changed:  out/dictionator/core.js
[32mSuccessfully compiled "resources/public/js/main.js" in 0.493 seconds.[0m
[0mCompiling "resources/public/js/main.js" from ["src/cljs/"]...
notifying browser that file changed:  out/dictionator/core.js
[32mSuccessfully compiled "resources/public/js/main.js" in 0.94 seconds.[0m
[0mCompiling "resources/public/js/main.js" from ["src/cljs/"]...
WARNING: Use of undeclared Var dictionator.core/event at line 55 /Users/Dajanka/Development/dictionator/src/cljs/dictionator/core.cljs
notifying browser that file changed:  out/dictionator/core.js
[32mSuccessfully compiled "resources/public/js/main.js" in 1.073 seconds.[0m
[0mCompiling "resources/public/js/main.js" from ["src/cljs/"]...
notifying browser that file changed:  out/dictionator/core.js
[32mSuccessfully compiled "resources/public/js/main.js" in 0.524 seconds.[0m
[0mCompiling "resources/public/js/main.js" from ["src/cljs/"]...
notifying browser that file changed:  out/dictionator/core.js
[32mSuccessfully compiled "resources/public/js/main.js" in 1.385 seconds.[0m
[0mCompiling "resources/public/js/main.js" from ["src/cljs/"]...
notifying browser that file changed:  out/dictionator/core.js
[32mSuccessfully compiled "resources/public/js/main.js" in 1.471 seconds.[0m
[0mCompiling "resources/public/js/main.js" from ["src/cljs/"]...
notifying browser that file changed:  out/dictionator/core.js
[32mSuccessfully compiled "resources/public/js/main.js" in 0.573 seconds.[0m
[0mCompiling "resources/public/js/main.js" from ["src/cljs/"]...
notifying browser that file changed:  out/dictionator/core.js
[32mSuccessfully compiled "resources/public/js/main.js" in 0.566 seconds.[0m
[0mCompiling "resources/public/js/main.js" from ["src/cljs/"]...
notifying browser that file changed:  out/dictionator/core.js
[32mSuccessfully compiled "resources/public/js/main.js" in 0.865 seconds.[0m
[0mCompiling "resources/public/js/main.js" from ["src/cljs/"]...
notifying browser that file changed:  out/dictionator/core.js
[32mSuccessfully compiled "resources/public/js/main.js" in 1.502 seconds.[0m
[0mCompiling "resources/public/js/main.js" from ["src/cljs/"]...
notifying browser that file changed:  out/dictionator/core.js
[32mSuccessfully compiled "resources/public/js/main.js" in 1.093 seconds.[0m
[0mCompiling "resources/public/js/main.js" from ["src/cljs/"]...
notifying browser that file changed:  out/dictionator/core.js
[32mSuccessfully compiled "resources/public/js/main.js" in 1.261 seconds.[0m
[0mCompiling "resources/public/js/main.js" from ["src/cljs/"]...
notifying browser that file changed:  out/dictionator/core.js
[32mSuccessfully compiled "resources/public/js/main.js" in 0.885 seconds.[0m
[0mCompiling "resources/public/js/main.js" from ["src/cljs/"]...
notifying browser that file changed:  out/dictionator/core.js
[32mSuccessfully compiled "resources/public/js/main.js" in 1.037 seconds.[0m
[0mCompiling "resources/public/js/main.js" from ["src/cljs/"]...
notifying browser that file changed:  out/dictionator/core.js
[32mSuccessfully compiled "resources/public/js/main.js" in 1.538 seconds.[0m
[0mCompiling "resources/public/js/main.js" from ["src/cljs/"]...
notifying browser that file changed:  out/dictionator/core.js
[32mSuccessfully compiled "resources/public/js/main.js" in 1.024 seconds.[0m
[0mCompiling "resources/public/js/main.js" from ["src/cljs/"]...
notifying browser that file changed:  out/dictionator/core.js
[32mSuccessfully compiled "resources/public/js/main.js" in 1.368 seconds.[0m
[0mCompiling "resources/public/js/main.js" from ["src/cljs/"]...
notifying browser that file changed:  out/dictionator/core.js
[32mSuccessfully compiled "resources/public/js/main.js" in 1.219 seconds.[0m
[0mCompiling "resources/public/js/main.js" from ["src/cljs/"]...
notifying browser that file changed:  out/dictionator/core.js
[32mSuccessfully compiled "resources/public/js/main.js" in 1.291 seconds.[0m
[0mCompiling "resources/public/js/main.js" from ["src/cljs/"]...
notifying browser that file changed:  out/dictionator/core.js
[32mSuccessfully compiled "resources/public/js/main.js" in 1.166 seconds.[0m
[0mCompiling "resources/public/js/main.js" from ["src/cljs/"]...
notifying browser that file changed:  out/dictionator/core.js
[32mSuccessfully compiled "resources/public/js/main.js" in 1.307 seconds.[0m
[0mCompiling "resources/public/js/main.js" from ["src/cljs/"]...
notifying browser that file changed:  out/dictionator/core.js
[32mSuccessfully compiled "resources/public/js/main.js" in 1.175 seconds.[0m
[0mCompiling "resources/public/js/main.js" from ["src/cljs/"]...
notifying browser that file changed:  out/dictionator/core.js
[32mSuccessfully compiled "resources/public/js/main.js" in 1.139 seconds.[0m
[0mCompiling "resources/public/js/main.js" from ["src/cljs/"]...
[31mCompiling "resources/public/js/main.js" failed.
[0mANALYSIS ERROR: clojure.lang.Cons cannot be cast to clojure.lang.Named at line 15 /Users/Dajanka/Development/dictionator/src/cljs/dictionator/core.cljs on file /Users/Dajanka/Development/dictionator/src/cljs/dictionator/core.cljs, line 15, column 1
[32mSuccessfully compiled "resources/public/js/main.js" in 0.215 seconds.[0m
[0mCompiling "resources/public/js/main.js" from ["src/cljs/"]...
[31mCompiling "resources/public/js/main.js" failed.
[0mANALYSIS ERROR: clojure.lang.Cons cannot be cast to clojure.lang.Named at line 15 /Users/Dajanka/Development/dictionator/src/cljs/dictionator/core.cljs on file /Users/Dajanka/Development/dictionator/src/cljs/dictionator/core.cljs, line 15, column 1
[32mSuccessfully compiled "resources/public/js/main.js" in 0.369 seconds.[0m
[0mCompiling "resources/public/js/main.js" from ["src/cljs/"]...
notifying browser that file changed:  out/dictionator/core.js
[32mSuccessfully compiled "resources/public/js/main.js" in 0.815 seconds.[0m
[0mCompiling "resources/public/js/main.js" from ["src/cljs/"]...
notifying browser that file changed:  out/dictionator/core.js
[32mSuccessfully compiled "resources/public/js/main.js" in 1.408 seconds.[0m
[0mCompiling "resources/public/js/main.js" from ["src/cljs/"]...
notifying browser that file changed:  out/dictionator/core.js
[32mSuccessfully compiled "resources/public/js/main.js" in 0.928 seconds.[0m
[0mCompiling "resources/public/js/main.js" from ["src/cljs/"]...
notifying browser that file changed:  out/dictionator/core.js
[32mSuccessfully compiled "resources/public/js/main.js" in 1.19 seconds.[0m
[0mCompiling "resources/public/js/main.js" from ["src/cljs/"]...
notifying browser that file changed:  out/dictionator/core.js
[32mSuccessfully compiled "resources/public/js/main.js" in 0.967 seconds.[0m
[0mCompiling "resources/public/js/main.js" from ["src/cljs/"]...
notifying browser that file changed:  out/dictionator/core.js
[32mSuccessfully compiled "resources/public/js/main.js" in 0.837 seconds.[0m
[0mCompiling "resources/public/js/main.js" from ["src/cljs/"]...
notifying browser that file changed:  out/dictionator/core.js
[32mSuccessfully compiled "resources/public/js/main.js" in 1.229 seconds.[0m
[0mCompiling "resources/public/js/main.js" from ["src/cljs/"]...
notifying browser that file changed:  out/dictionator/core.js
[32mSuccessfully compiled "resources/public/js/main.js" in 0.952 seconds.[0m
[0mCompiling "resources/public/js/main.js" from ["src/cljs/"]...
notifying browser that file changed:  out/dictionator/core.js
[32mSuccessfully compiled "resources/public/js/main.js" in 0.753 seconds.[0m
[0mCompiling "resources/public/js/main.js" from ["src/cljs/"]...
notifying browser that file changed:  out/dictionator/core.js
[32mSuccessfully compiled "resources/public/js/main.js" in 0.824 seconds.[0m
[0mCompiling "resources/public/js/main.js" from ["src/cljs/"]...
notifying browser that file changed:  out/dictionator/core.js
[32mSuccessfully compiled "resources/public/js/main.js" in 0.824 seconds.[0m
[0mCompiling "resources/public/js/main.js" from ["src/cljs/"]...
notifying browser that file changed:  out/dictionator/core.js
[32mSuccessfully compiled "resources/public/js/main.js" in 0.588 seconds.[0m
[0mCompiling "resources/public/js/main.js" from ["src/cljs/"]...
notifying browser that file changed:  out/dictionator/core.js
[32mSuccessfully compiled "resources/public/js/main.js" in 0.503 seconds.[0m
[0mCompiling "resources/public/js/main.js" from ["src/cljs/"]...
notifying browser that file changed:  out/dictionator/core.js
[32mSuccessfully compiled "resources/public/js/main.js" in 0.504 seconds.[0m
[0mCompiling "resources/public/js/main.js" from ["src/cljs/"]...
notifying browser that file changed:  out/dictionator/core.js
[32mSuccessfully compiled "resources/public/js/main.js" in 0.82 seconds.[0m
[0mCompiling "resources/public/js/main.js" from ["src/cljs/"]...
notifying browser that file changed:  out/dictionator/core.js
[32mSuccessfully compiled "resources/public/js/main.js" in 0.487 seconds.[0m
[0mCompiling "resources/public/js/main.js" from ["src/cljs/"]...
notifying browser that file changed:  out/dictionator/core.js
[32mSuccessfully compiled "resources/public/js/main.js" in 0.831 seconds.[0m
[0mCompiling "resources/public/js/main.js" from ["src/cljs/"]...
notifying browser that file changed:  out/dictionator/core.js
[32mSuccessfully compiled "resources/public/js/main.js" in 0.86 seconds.[0m
[0mCompiling "resources/public/js/main.js" from ["src/cljs/"]...
notifying browser that file changed:  out/dictionator/core.js
[32mSuccessfully compiled "resources/public/js/main.js" in 1.062 seconds.[0m
[0mCompiling "resources/public/js/main.js" from ["src/cljs/"]...
notifying browser that file changed:  out/dictionator/core.js
[32mSuccessfully compiled "resources/public/js/main.js" in 0.884 seconds.[0m
[0mCompiling "resources/public/js/main.js" from ["src/cljs/"]...
WARNING: Bad method signature in protocol implementation, om/IQuery does not declare method called render at line 15 /Users/Dajanka/Development/dictionator/src/cljs/dictionator/core.cljs
WARNING: Bad method signature in protocol implementation, om/IQuery does not declare method called render at line 15 /Users/Dajanka/Development/dictionator/src/cljs/dictionator/core.cljs
notifying browser that file changed:  out/dictionator/core.js
[32mSuccessfully compiled "resources/public/js/main.js" in 0.885 seconds.[0m
[0mCompiling "resources/public/js/main.js" from ["src/cljs/"]...
notifying browser that file changed:  out/dictionator/core.js
[32mSuccessfully compiled "resources/public/js/main.js" in 0.67 seconds.[0m
[0mCompiling "resources/public/js/main.js" from ["src/cljs/"]...
WARNING: Wrong number of args (2) passed to cljs.core/assoc at line 94 /Users/Dajanka/Development/dictionator/src/cljs/dictionator/core.cljs
notifying browser that file changed:  out/dictionator/core.js
[32mSuccessfully compiled "resources/public/js/main.js" in 0.884 seconds.[0m
[0mCompiling "resources/public/js/main.js" from ["src/cljs/"]...
WARNING: Wrong number of args (2) passed to cljs.core/assoc at line 94 /Users/Dajanka/Development/dictionator/src/cljs/dictionator/core.cljs
notifying browser that file changed:  out/dictionator/core.js
[32mSuccessfully compiled "resources/public/js/main.js" in 0.527 seconds.[0m
[0mCompiling "resources/public/js/main.js" from ["src/cljs/"]...
notifying browser that file changed:  out/dictionator/core.js
[32mSuccessfully compiled "resources/public/js/main.js" in 1.273 seconds.[0m
[0mCompiling "resources/public/js/main.js" from ["src/cljs/"]...
notifying browser that file changed:  out/dictionator/core.js
[32mSuccessfully compiled "resources/public/js/main.js" in 0.531 seconds.[0m
[0mCompiling "resources/public/js/main.js" from ["src/cljs/"]...
notifying browser that file changed:  out/dictionator/core.js
[32mSuccessfully compiled "resources/public/js/main.js" in 0.565 seconds.[0m
[0mCompiling "resources/public/js/main.js" from ["src/cljs/"]...
notifying browser that file changed:  out/dictionator/core.js
[32mSuccessfully compiled "resources/public/js/main.js" in 0.531 seconds.[0m
[0mCompiling "resources/public/js/main.js" from ["src/cljs/"]...
notifying browser that file changed:  out/dictionator/core.js
[32mSuccessfully compiled "resources/public/js/main.js" in 0.816 seconds.[0m
[0mCompiling "resources/public/js/main.js" from ["src/cljs/"]...
notifying browser that file changed:  out/dictionator/core.js
[32mSuccessfully compiled "resources/public/js/main.js" in 0.747 seconds.[0m
[0mCompiling "resources/public/js/main.js" from ["src/cljs/"]...
[31mCompiling "resources/public/js/main.js" failed.
[0mANALYSIS ERROR: let requires an even number of forms in binding vector at line 21 /Users/Dajanka/Development/dictionator/src/cljs/dictionator/core.cljs on file /Users/Dajanka/Development/dictionator/src/cljs/dictionator/core.cljs, line 21, column 11
[32mSuccessfully compiled "resources/public/js/main.js" in 0.322 seconds.[0m
[0mCompiling "resources/public/js/main.js" from ["src/cljs/"]...
[31mCompiling "resources/public/js/main.js" failed.
[0mANALYSIS ERROR: let requires an even number of forms in binding vector at line 21 /Users/Dajanka/Development/dictionator/src/cljs/dictionator/core.cljs on file /Users/Dajanka/Development/dictionator/src/cljs/dictionator/core.cljs, line 21, column 11
[32mSuccessfully compiled "resources/public/js/main.js" in 0.326 seconds.[0m
[0mCompiling "resources/public/js/main.js" from ["src/cljs/"]...
notifying browser that file changed:  out/dictionator/core.js
[32mSuccessfully compiled "resources/public/js/main.js" in 1.004 seconds.[0m
[0mCompiling "resources/public/js/main.js" from ["src/cljs/"]...
notifying browser that file changed:  out/dictionator/core.js
[32mSuccessfully compiled "resources/public/js/main.js" in 0.799 seconds.[0m
[0mCompiling "resources/public/js/main.js" from ["src/cljs/"]...
notifying browser that file changed:  out/dictionator/core.js
[32mSuccessfully compiled "resources/public/js/main.js" in 0.876 seconds.[0m
[0mCompiling "resources/public/js/main.js" from ["src/cljs/"]...
notifying browser that file changed:  out/dictionator/core.js
[32mSuccessfully compiled "resources/public/js/main.js" in 0.571 seconds.[0m
[0mCompiling "resources/public/js/main.js" from ["src/cljs/"]...
notifying browser that file changed:  out/dictionator/core.js
[32mSuccessfully compiled "resources/public/js/main.js" in 0.724 seconds.[0m
[0mCompiling "resources/public/js/main.js" from ["src/cljs/"]...
notifying browser that file changed:  out/dictionator/core.js
[32mSuccessfully compiled "resources/public/js/main.js" in 0.518 seconds.[0m
[0mCompiling "resources/public/js/main.js" from ["src/cljs/"]...
notifying browser that file changed:  out/dictionator/core.js
[32mSuccessfully compiled "resources/public/js/main.js" in 0.737 seconds.[0m
[0mCompiling "resources/public/js/main.js" from ["src/cljs/"]...
notifying browser that file changed:  out/dictionator/core.js
[32mSuccessfully compiled "resources/public/js/main.js" in 0.87 seconds.[0m
[0mCompiling "resources/public/js/main.js" from ["src/cljs/"]...
notifying browser that file changed:  out/dictionator/core.js
[32mSuccessfully compiled "resources/public/js/main.js" in 1.212 seconds.[0m
[0mCompiling "resources/public/js/main.js" from ["src/cljs/"]...
notifying browser that file changed:  out/dictionator/core.js
[32mSuccessfully compiled "resources/public/js/main.js" in 1.356 seconds.[0m
[0mCompiling "resources/public/js/main.js" from ["src/cljs/"]...
notifying browser that file changed:  out/dictionator/core.js
[32mSuccessfully compiled "resources/public/js/main.js" in 1.194 seconds.[0m
[0mCompiling "resources/public/js/main.js" from ["src/cljs/"]...
notifying browser that file changed:  out/dictionator/core.js
[32mSuccessfully compiled "resources/public/js/main.js" in 1.19 seconds.[0m
[0mCompiling "resources/public/js/main.js" from ["src/cljs/"]...
notifying browser that file changed:  out/dictionator/core.js
[32mSuccessfully compiled "resources/public/js/main.js" in 0.917 seconds.[0m
[0mCompiling "resources/public/js/main.js" from ["src/cljs/"]...
notifying browser that file changed:  out/dictionator/core.js
[32mSuccessfully compiled "resources/public/js/main.js" in 1.009 seconds.[0m
[0mCompiling "resources/public/js/main.js" from ["src/cljs/"]...
[31mCompiling "resources/public/js/main.js" failed.
[0mANALYSIS ERROR: clojure.lang.Cons cannot be cast to clojure.lang.Named at line 36 /Users/Dajanka/Development/dictionator/src/cljs/dictionator/core.cljs on file /Users/Dajanka/Development/dictionator/src/cljs/dictionator/core.cljs, line 36, column 1
[32mSuccessfully compiled "resources/public/js/main.js" in 0.254 seconds.[0m
[0mCompiling "resources/public/js/main.js" from ["src/cljs/"]...
[31mCompiling "resources/public/js/main.js" failed.
[0mANALYSIS ERROR: clojure.lang.Cons cannot be cast to clojure.lang.Named at line 36 /Users/Dajanka/Development/dictionator/src/cljs/dictionator/core.cljs on file /Users/Dajanka/Development/dictionator/src/cljs/dictionator/core.cljs, line 36, column 1
[32mSuccessfully compiled "resources/public/js/main.js" in 0.285 seconds.[0m
[0mCompiling "resources/public/js/main.js" from ["src/cljs/"]...
notifying browser that file changed:  out/dictionator/core.js
[32mSuccessfully compiled "resources/public/js/main.js" in 0.611 seconds.[0m
[0mCompiling "resources/public/js/main.js" from ["src/cljs/"]...
notifying browser that file changed:  out/dictionator/core.js
[32mSuccessfully compiled "resources/public/js/main.js" in 0.532 seconds.[0m
[0mCompiling "resources/public/js/main.js" from ["src/cljs/"]...
notifying browser that file changed:  out/dictionator/core.js
[32mSuccessfully compiled "resources/public/js/main.js" in 0.55 seconds.[0m
[0mCompiling "resources/public/js/main.js" from ["src/cljs/"]...
notifying browser that file changed:  out/dictionator/core.js
[32mSuccessfully compiled "resources/public/js/main.js" in 0.521 seconds.[0m
[0mCompiling "resources/public/js/main.js" from ["src/cljs/"]...
notifying browser that file changed:  out/dictionator/core.js
[32mSuccessfully compiled "resources/public/js/main.js" in 0.595 seconds.[0m
[0mCompiling "resources/public/js/main.js" from ["src/cljs/"]...
notifying browser that file changed:  out/dictionator/core.js
[32mSuccessfully compiled "resources/public/js/main.js" in 0.55 seconds.[0m
[0mCompiling "resources/public/js/main.js" from ["src/cljs/"]...
notifying browser that file changed:  out/dictionator/core.js
[32mSuccessfully compiled "resources/public/js/main.js" in 0.525 seconds.[0m
[0mCompiling "resources/public/js/main.js" from ["src/cljs/"]...
notifying browser that file changed:  out/dictionator/core.js
[32mSuccessfully compiled "resources/public/js/main.js" in 0.512 seconds.[0m
[0mCompiling "resources/public/js/main.js" from ["src/cljs/"]...
notifying browser that file changed:  out/dictionator/core.js
[32mSuccessfully compiled "resources/public/js/main.js" in 1.101 seconds.[0m
[0mCompiling "resources/public/js/main.js" from ["src/cljs/"]...
notifying browser that file changed:  out/dictionator/core.js
[32mSuccessfully compiled "resources/public/js/main.js" in 0.516 seconds.[0m
[0mCompiling "resources/public/js/main.js" from ["src/cljs/"]...
notifying browser that file changed:  out/dictionator/core.js
[32mSuccessfully compiled "resources/public/js/main.js" in 0.584 seconds.[0m
[0mCompiling "resources/public/js/main.js" from ["src/cljs/"]...
notifying browser that file changed:  out/dictionator/core.js
[32mSuccessfully compiled "resources/public/js/main.js" in 1.461 seconds.[0m
[0mCompiling "resources/public/js/main.js" from ["src/cljs/"]...
notifying browser that file changed:  out/dictionator/core.js
[32mSuccessfully compiled "resources/public/js/main.js" in 1.024 seconds.[0m
[0mCompiling "resources/public/js/main.js" from ["src/cljs/"]...
notifying browser that file changed:  out/dictionator/core.js
[32mSuccessfully compiled "resources/public/js/main.js" in 0.698 seconds.[0m
[0mCompiling "resources/public/js/main.js" from ["src/cljs/"]...
notifying browser that file changed:  out/dictionator/core.js
[32mSuccessfully compiled "resources/public/js/main.js" in 0.683 seconds.[0m
[0mCompiling "resources/public/js/main.js" from ["src/cljs/"]...
notifying browser that file changed:  out/dictionator/core.js
[32mSuccessfully compiled "resources/public/js/main.js" in 1.093 seconds.[0m
[0mCompiling "resources/public/js/main.js" from ["src/cljs/"]...
notifying browser that file changed:  out/dictionator/core.js
[32mSuccessfully compiled "resources/public/js/main.js" in 0.562 seconds.[0m
[0mCompiling "resources/public/js/main.js" from ["src/cljs/"]...
[31mCompiling "resources/public/js/main.js" failed.
[0mERROR: Duplicate key: :placeholder on file /Users/Dajanka/Development/dictionator/src/cljs/dictionator/core.cljs, line 53, column 80
[32mSuccessfully compiled "resources/public/js/main.js" in 0.17 seconds.[0m
[0mCompiling "resources/public/js/main.js" from ["src/cljs/"]...
notifying browser that file changed:  out/dictionator/core.js
[32mSuccessfully compiled "resources/public/js/main.js" in 0.583 seconds.[0m
[0mCompiling "resources/public/js/main.js" from ["src/cljs/"]...
notifying browser that file changed:  out/dictionator/core.js
[32mSuccessfully compiled "resources/public/js/main.js" in 0.587 seconds.[0m
[0mCompiling "resources/public/js/main.js" from ["src/cljs/"]...
notifying browser that file changed:  out/dictionator/core.js
[32mSuccessfully compiled "resources/public/js/main.js" in 0.535 seconds.[0m
[0mCompiling "resources/public/js/main.js" from ["src/cljs/"]...
notifying browser that file changed:  out/dictionator/core.js
[32mSuccessfully compiled "resources/public/js/main.js" in 0.547 seconds.[0m
[0mCompiling "resources/public/js/main.js" from ["src/cljs/"]...
notifying browser that file changed:  out/dictionator/core.js
[32mSuccessfully compiled "resources/public/js/main.js" in 0.602 seconds.[0m
[0mCompiling "resources/public/js/main.js" from ["src/cljs/"]...
notifying browser that file changed:  out/dictionator/core.js
[32mSuccessfully compiled "resources/public/js/main.js" in 0.63 seconds.[0m
[0mCompiling "resources/public/js/main.js" from ["src/cljs/"]...
notifying browser that file changed:  out/dictionator/core.js
[32mSuccessfully compiled "resources/public/js/main.js" in 0.923 seconds.[0m
[0mCompiling "resources/public/js/main.js" from ["src/cljs/"]...
notifying browser that file changed:  out/dictionator/core.js
[32mSuccessfully compiled "resources/public/js/main.js" in 1.316 seconds.[0m
[0mCompiling "resources/public/js/main.js" from ["src/cljs/"]...
notifying browser that file changed:  out/dictionator/core.js
[32mSuccessfully compiled "resources/public/js/main.js" in 0.689 seconds.[0m
[0mCompiling "resources/public/js/main.js" from ["src/cljs/"]...
notifying browser that file changed:  out/dictionator/core.js
[32mSuccessfully compiled "resources/public/js/main.js" in 0.539 seconds.[0m
[0mCompiling "resources/public/js/main.js" from ["src/cljs/"]...
notifying browser that file changed:  out/dictionator/core.js
[32mSuccessfully compiled "resources/public/js/main.js" in 0.835 seconds.[0m
[0mCompiling "resources/public/js/main.js" from ["src/cljs/"]...
notifying browser that file changed:  out/dictionator/core.js
[32mSuccessfully compiled "resources/public/js/main.js" in 0.589 seconds.[0m
[0mCompiling "resources/public/js/main.js" from ["src/cljs/"]...
notifying browser that file changed:  out/dictionator/core.js
[32mSuccessfully compiled "resources/public/js/main.js" in 0.59 seconds.[0m
[0mCompiling "resources/public/js/main.js" from ["src/cljs/"]...
WARNING: Use of undeclared Var dictionator.core/game-wrapper at line 125 /Users/Dajanka/Development/dictionator/src/cljs/dictionator/core.cljs
notifying browser that file changed:  out/dictionator/core.js
[32mSuccessfully compiled "resources/public/js/main.js" in 0.617 seconds.[0m
[0mCompiling "resources/public/js/main.js" from ["src/cljs/"]...
notifying browser that file changed:  out/dictionator/core.js
[32mSuccessfully compiled "resources/public/js/main.js" in 0.937 seconds.[0m
[0mCompiling "resources/public/js/main.js" from ["src/cljs/"]...
notifying browser that file changed:  out/dictionator/core.js
[32mSuccessfully compiled "resources/public/js/main.js" in 0.583 seconds.[0m
[0mCompiling "resources/public/js/main.js" from ["src/cljs/"]...
notifying browser that file changed:  out/dictionator/core.js
[32mSuccessfully compiled "resources/public/js/main.js" in 0.598 seconds.[0m
[0mCompiling "resources/public/js/main.js" from ["src/cljs/"]...
notifying browser that file changed:  out/dictionator/core.js
[32mSuccessfully compiled "resources/public/js/main.js" in 0.946 seconds.[0m
[0mCompiling "resources/public/js/main.js" from ["src/cljs/"]...
notifying browser that file changed:  out/dictionator/core.js
[32mSuccessfully compiled "resources/public/js/main.js" in 0.65 seconds.[0m
[0mCompiling "resources/public/js/main.js" from ["src/cljs/"]...
notifying browser that file changed:  out/dictionator/core.js
[32mSuccessfully compiled "resources/public/js/main.js" in 1.123 seconds.[0m
[0mCompiling "resources/public/js/main.js" from ["src/cljs/"]...
notifying browser that file changed:  out/dictionator/core.js
[32mSuccessfully compiled "resources/public/js/main.js" in 0.848 seconds.[0m
[0mCompiling "resources/public/js/main.js" from ["src/cljs/"]...
notifying browser that file changed:  out/dictionator/core.js
[32mSuccessfully compiled "resources/public/js/main.js" in 1.25 seconds.[0m
[0mCompiling "resources/public/js/main.js" from ["src/cljs/"]...
notifying browser that file changed:  out/dictionator/core.js
[32mSuccessfully compiled "resources/public/js/main.js" in 1.256 seconds.[0m
[0mCompiling "resources/public/js/main.js" from ["src/cljs/"]...
notifying browser that file changed:  out/dictionator/core.js
[32mSuccessfully compiled "resources/public/js/main.js" in 1.202 seconds.[0m
[0mCompiling "resources/public/js/main.js" from ["src/cljs/"]...
notifying browser that file changed:  out/dictionator/core.js
[32mSuccessfully compiled "resources/public/js/main.js" in 1.666 seconds.[0m
[0mCompiling "resources/public/js/main.js" from ["src/cljs/"]...
notifying browser that file changed:  out/dictionator/core.js
[32mSuccessfully compiled "resources/public/js/main.js" in 0.723 seconds.[0m
[0mCompiling "resources/public/js/main.js" from ["src/cljs/"]...
notifying browser that file changed:  out/dictionator/core.js
[32mSuccessfully compiled "resources/public/js/main.js" in 1.209 seconds.[0m
[0mCompiling "resources/public/js/main.js" from ["src/cljs/"]...
notifying browser that file changed:  out/dictionator/core.js
[32mSuccessfully compiled "resources/public/js/main.js" in 1.077 seconds.[0m
[0mCompiling "resources/public/js/main.js" from ["src/cljs/"]...
notifying browser that file changed:  out/dictionator/core.js
[32mSuccessfully compiled "resources/public/js/main.js" in 0.65 seconds.[0m
[0mCompiling "resources/public/js/main.js" from ["src/cljs/"]...
notifying browser that file changed:  out/dictionator/core.js
[32mSuccessfully compiled "resources/public/js/main.js" in 0.629 seconds.[0m
[0mCompiling "resources/public/js/main.js" from ["src/cljs/"]...
notifying browser that file changed:  out/dictionator/core.js
[32mSuccessfully compiled "resources/public/js/main.js" in 1.619 seconds.[0m
[0mCompiling "resources/public/js/main.js" from ["src/cljs/"]...
notifying browser that file changed:  out/dictionator/core.js
[32mSuccessfully compiled "resources/public/js/main.js" in 1.838 seconds.[0m
[0mCompiling "resources/public/js/main.js" from ["src/cljs/"]...
[31mCompiling "resources/public/js/main.js" failed.
[0mjava.lang.AssertionError: No ns form found in src/cljs/dictionator/singleplayer.cljs
 at cljs.analyzer$parse_ns$fn__1924.invoke (analyzer.cljc:2731)
    cljs.analyzer$parse_ns.invoke (analyzer.cljc:2682)
    cljs.analyzer$parse_ns.invoke (analyzer.cljc:2673)
    cljs.compiler$find_source.invoke (compiler.cljc:1389)
    clojure.core$map$fn__4553.invoke (core.clj:2624)
    clojure.lang.LazySeq.sval (LazySeq.java:40)
    clojure.lang.LazySeq.seq (LazySeq.java:49)
    clojure.lang.Cons.next (Cons.java:39)
    clojure.lang.RT.next (RT.java:674)
    clojure.core/next (core.clj:64)
    clojure.core$reduce1.invoke (core.clj:909)
    clojure.core$set.invoke (core.clj:3960)
    cljs.closure$add_dependency_sources.invoke (closure.clj:731)
    cljs.closure$build.invoke (closure.clj:1807)
    cljs.build.api$build.invoke (api.clj:207)
    figwheel_sidecar.components.cljs_autobuild$cljs_build.invoke (cljs_autobuild.clj:22)
    figwheel_sidecar.build_middleware.injection$hook$fn__15947.invoke (injection.clj:139)
    figwheel_sidecar.build_middleware.notifications$hook$fn__16274.invoke (notifications.clj:187)
    figwheel_sidecar.build_middleware.clj_reloading$hook$fn__16350.invoke (clj_reloading.clj:115)
    figwheel_sidecar.build_middleware.javascript_reloading$hook$fn__16396.invoke (javascript_reloading.clj:60)
    figwheel_sidecar.components.cljs_autobuild$eval16411$figwheel_start_and_end_messages__16414$fn__16416.invoke (cljs_autobuild.clj:45)
    figwheel_sidecar.components.cljs_autobuild.CLJSAutobuild$fn__16441$fn__16442.invoke (cljs_autobuild.clj:137)
    figwheel_sidecar.utils$sync_exec$fn__1973$fn__1974.invoke (utils.clj:13)
    figwheel_sidecar.utils$sync_exec$fn__1973.invoke (utils.clj:12)
    clojure.core$binding_conveyor_fn$fn__4444.invoke (core.clj:1919)
    clojure.lang.AFn.applyToHelper (AFn.java:154)
    clojure.lang.RestFn.applyTo (RestFn.java:132)
    clojure.lang.Agent$Action.doRun (Agent.java:114)
    clojure.lang.Agent$Action.run (Agent.java:163)
    java.util.concurrent.ThreadPoolExecutor.runWorker (ThreadPoolExecutor.java:1145)
[32mSuccessfully compiled "resources/public/js/main.js" in 0.162 seconds.[0m
[0mCompiling "resources/public/js/main.js" from ["src/cljs/"]...
[31mCompiling "resources/public/js/main.js" failed.
[0mjava.lang.AssertionError: No ns form found in src/cljs/dictionator/multiplayer.cljs
 at cljs.analyzer$parse_ns$fn__1924.invoke (analyzer.cljc:2731)
    cljs.analyzer$parse_ns.invoke (analyzer.cljc:2682)
    cljs.analyzer$parse_ns.invoke (analyzer.cljc:2673)
    cljs.compiler$find_source.invoke (compiler.cljc:1389)
    clojure.core$map$fn__4553.invoke (core.clj:2624)
    clojure.lang.LazySeq.sval (LazySeq.java:40)
    clojure.lang.LazySeq.seq (LazySeq.java:49)
    clojure.lang.Cons.next (Cons.java:39)
    clojure.lang.RT.next (RT.java:674)
    clojure.core/next (core.clj:64)
    clojure.core$reduce1.invoke (core.clj:909)
    clojure.core$set.invoke (core.clj:3960)
    cljs.closure$add_dependency_sources.invoke (closure.clj:731)
    cljs.closure$build.invoke (closure.clj:1807)
    cljs.build.api$build.invoke (api.clj:207)
    figwheel_sidecar.components.cljs_autobuild$cljs_build.invoke (cljs_autobuild.clj:22)
    figwheel_sidecar.build_middleware.injection$hook$fn__15947.invoke (injection.clj:139)
    figwheel_sidecar.build_middleware.notifications$hook$fn__16274.invoke (notifications.clj:187)
    figwheel_sidecar.build_middleware.clj_reloading$hook$fn__16350.invoke (clj_reloading.clj:115)
    figwheel_sidecar.build_middleware.javascript_reloading$hook$fn__16396.invoke (javascript_reloading.clj:60)
    figwheel_sidecar.components.cljs_autobuild$eval16411$figwheel_start_and_end_messages__16414$fn__16416.invoke (cljs_autobuild.clj:45)
    figwheel_sidecar.components.cljs_autobuild.CLJSAutobuild$fn__16441$fn__16442.invoke (cljs_autobuild.clj:137)
    figwheel_sidecar.utils$sync_exec$fn__1973$fn__1974.invoke (utils.clj:13)
    figwheel_sidecar.utils$sync_exec$fn__1973.invoke (utils.clj:12)
    clojure.core$binding_conveyor_fn$fn__4444.invoke (core.clj:1919)
    clojure.lang.AFn.applyToHelper (AFn.java:154)
    clojure.lang.RestFn.applyTo (RestFn.java:132)
    clojure.lang.Agent$Action.doRun (Agent.java:114)
    clojure.lang.Agent$Action.run (Agent.java:163)
    java.util.concurrent.ThreadPoolExecutor.runWorker (ThreadPoolExecutor.java:1145)
[32mSuccessfully compiled "resources/public/js/main.js" in 0.039 seconds.[0m
[0mCompiling "resources/public/js/main.js" from ["src/cljs/"]...
[31mCompiling "resources/public/js/main.js" failed.
[0mjava.lang.AssertionError: No ns form found in src/cljs/dictionator/multiplayer.cljs
 at cljs.analyzer$parse_ns$fn__1924.invoke (analyzer.cljc:2731)
    cljs.analyzer$parse_ns.invoke (analyzer.cljc:2682)
    cljs.analyzer$parse_ns.invoke (analyzer.cljc:2673)
    cljs.compiler$find_source.invoke (compiler.cljc:1389)
    clojure.core$map$fn__4553.invoke (core.clj:2624)
    clojure.lang.LazySeq.sval (LazySeq.java:40)
    clojure.lang.LazySeq.seq (LazySeq.java:49)
    clojure.lang.Cons.next (Cons.java:39)
    clojure.lang.RT.next (RT.java:674)
    clojure.core/next (core.clj:64)
    clojure.core$reduce1.invoke (core.clj:909)
    clojure.core$set.invoke (core.clj:3960)
    cljs.closure$add_dependency_sources.invoke (closure.clj:731)
    cljs.closure$build.invoke (closure.clj:1807)
    cljs.build.api$build.invoke (api.clj:207)
    figwheel_sidecar.components.cljs_autobuild$cljs_build.invoke (cljs_autobuild.clj:22)
    figwheel_sidecar.build_middleware.injection$hook$fn__15947.invoke (injection.clj:139)
    figwheel_sidecar.build_middleware.notifications$hook$fn__16274.invoke (notifications.clj:187)
    figwheel_sidecar.build_middleware.clj_reloading$hook$fn__16350.invoke (clj_reloading.clj:115)
    figwheel_sidecar.build_middleware.javascript_reloading$hook$fn__16396.invoke (javascript_reloading.clj:60)
    figwheel_sidecar.components.cljs_autobuild$eval16411$figwheel_start_and_end_messages__16414$fn__16416.invoke (cljs_autobuild.clj:45)
    figwheel_sidecar.components.cljs_autobuild.CLJSAutobuild$fn__16441$fn__16442.invoke (cljs_autobuild.clj:137)
    figwheel_sidecar.utils$sync_exec$fn__1973$fn__1974.invoke (utils.clj:13)
    figwheel_sidecar.utils$sync_exec$fn__1973.invoke (utils.clj:12)
    clojure.core$binding_conveyor_fn$fn__4444.invoke (core.clj:1919)
    clojure.lang.AFn.applyToHelper (AFn.java:154)
    clojure.lang.RestFn.applyTo (RestFn.java:132)
    clojure.lang.Agent$Action.doRun (Agent.java:114)
    clojure.lang.Agent$Action.run (Agent.java:163)
    java.util.concurrent.ThreadPoolExecutor.runWorker (ThreadPoolExecutor.java:1145)
[32mSuccessfully compiled "resources/public/js/main.js" in 0.077 seconds.[0m
[0mCompiling "resources/public/js/main.js" from ["src/cljs/"]...
[31mCompiling "resources/public/js/main.js" failed.
[0mjava.lang.AssertionError: No ns form found in src/cljs/dictionator/multiplayer.cljs
 at cljs.analyzer$parse_ns$fn__1924.invoke (analyzer.cljc:2731)
    cljs.analyzer$parse_ns.invoke (analyzer.cljc:2682)
    cljs.analyzer$parse_ns.invoke (analyzer.cljc:2673)
    cljs.compiler$find_source.invoke (compiler.cljc:1389)
    clojure.core$map$fn__4553.invoke (core.clj:2624)
    clojure.lang.LazySeq.sval (LazySeq.java:40)
    clojure.lang.LazySeq.seq (LazySeq.java:49)
    clojure.lang.Cons.next (Cons.java:39)
    clojure.lang.RT.next (RT.java:674)
    clojure.core/next (core.clj:64)
    clojure.core$reduce1.invoke (core.clj:909)
    clojure.core$set.invoke (core.clj:3960)
    cljs.closure$add_dependency_sources.invoke (closure.clj:731)
    cljs.closure$build.invoke (closure.clj:1807)
    cljs.build.api$build.invoke (api.clj:207)
    figwheel_sidecar.components.cljs_autobuild$cljs_build.invoke (cljs_autobuild.clj:22)
    figwheel_sidecar.build_middleware.injection$hook$fn__15947.invoke (injection.clj:139)
    figwheel_sidecar.build_middleware.notifications$hook$fn__16274.invoke (notifications.clj:187)
    figwheel_sidecar.build_middleware.clj_reloading$hook$fn__16350.invoke (clj_reloading.clj:115)
    figwheel_sidecar.build_middleware.javascript_reloading$hook$fn__16396.invoke (javascript_reloading.clj:60)
    figwheel_sidecar.components.cljs_autobuild$eval16411$figwheel_start_and_end_messages__16414$fn__16416.invoke (cljs_autobuild.clj:45)
    figwheel_sidecar.components.cljs_autobuild.CLJSAutobuild$fn__16441$fn__16442.invoke (cljs_autobuild.clj:137)
    figwheel_sidecar.utils$sync_exec$fn__1973$fn__1974.invoke (utils.clj:13)
    figwheel_sidecar.utils$sync_exec$fn__1973.invoke (utils.clj:12)
    clojure.core$binding_conveyor_fn$fn__4444.invoke (core.clj:1919)
    clojure.lang.AFn.applyToHelper (AFn.java:154)
    clojure.lang.RestFn.applyTo (RestFn.java:132)
    clojure.lang.Agent$Action.doRun (Agent.java:114)
    clojure.lang.Agent$Action.run (Agent.java:163)
    java.util.concurrent.ThreadPoolExecutor.runWorker (ThreadPoolExecutor.java:1145)
[32mSuccessfully compiled "resources/public/js/main.js" in 0.066 seconds.[0m
[0mCompiling "resources/public/js/main.js" from ["src/cljs/"]...
[31mCompiling "resources/public/js/main.js" failed.
[0mjava.lang.AssertionError: No ns form found in src/cljs/dictionator/multiplayer.cljs
 at cljs.analyzer$parse_ns$fn__1924.invoke (analyzer.cljc:2731)
    cljs.analyzer$parse_ns.invoke (analyzer.cljc:2682)
    cljs.analyzer$parse_ns.invoke (analyzer.cljc:2673)
    cljs.compiler$find_source.invoke (compiler.cljc:1389)
    clojure.core$map$fn__4553.invoke (core.clj:2624)
    clojure.lang.LazySeq.sval (LazySeq.java:40)
    clojure.lang.LazySeq.seq (LazySeq.java:49)
    clojure.lang.Cons.next (Cons.java:39)
    clojure.lang.RT.next (RT.java:674)
    clojure.core/next (core.clj:64)
    clojure.core$reduce1.invoke (core.clj:909)
    clojure.core$set.invoke (core.clj:3960)
    cljs.closure$add_dependency_sources.invoke (closure.clj:731)
    cljs.closure$build.invoke (closure.clj:1807)
    cljs.build.api$build.invoke (api.clj:207)
    figwheel_sidecar.components.cljs_autobuild$cljs_build.invoke (cljs_autobuild.clj:22)
    figwheel_sidecar.build_middleware.injection$hook$fn__15947.invoke (injection.clj:139)
    figwheel_sidecar.build_middleware.notifications$hook$fn__16274.invoke (notifications.clj:187)
    figwheel_sidecar.build_middleware.clj_reloading$hook$fn__16350.invoke (clj_reloading.clj:115)
    figwheel_sidecar.build_middleware.javascript_reloading$hook$fn__16396.invoke (javascript_reloading.clj:60)
    figwheel_sidecar.components.cljs_autobuild$eval16411$figwheel_start_and_end_messages__16414$fn__16416.invoke (cljs_autobuild.clj:45)
    figwheel_sidecar.components.cljs_autobuild.CLJSAutobuild$fn__16441$fn__16442.invoke (cljs_autobuild.clj:137)
    figwheel_sidecar.utils$sync_exec$fn__1973$fn__1974.invoke (utils.clj:13)
    figwheel_sidecar.utils$sync_exec$fn__1973.invoke (utils.clj:12)
    clojure.core$binding_conveyor_fn$fn__4444.invoke (core.clj:1919)
    clojure.lang.AFn.applyToHelper (AFn.java:154)
    clojure.lang.RestFn.applyTo (RestFn.java:132)
    clojure.lang.Agent$Action.doRun (Agent.java:114)
    clojure.lang.Agent$Action.run (Agent.java:163)
    java.util.concurrent.ThreadPoolExecutor.runWorker (ThreadPoolExecutor.java:1145)
[32mSuccessfully compiled "resources/public/js/main.js" in 0.067 seconds.[0m
[0mCompiling "resources/public/js/main.js" from ["src/cljs/"]...
[31mCompiling "resources/public/js/main.js" failed.
[0mjava.lang.AssertionError: No ns form found in src/cljs/dictionator/multiplayer.cljs
 at cljs.analyzer$parse_ns$fn__1924.invoke (analyzer.cljc:2731)
    cljs.analyzer$parse_ns.invoke (analyzer.cljc:2682)
    cljs.analyzer$parse_ns.invoke (analyzer.cljc:2673)
    cljs.compiler$find_source.invoke (compiler.cljc:1389)
    clojure.core$map$fn__4553.invoke (core.clj:2624)
    clojure.lang.LazySeq.sval (LazySeq.java:40)
    clojure.lang.LazySeq.seq (LazySeq.java:49)
    clojure.lang.Cons.next (Cons.java:39)
    clojure.lang.RT.next (RT.java:674)
    clojure.core/next (core.clj:64)
    clojure.core$reduce1.invoke (core.clj:909)
    clojure.core$set.invoke (core.clj:3960)
    cljs.closure$add_dependency_sources.invoke (closure.clj:731)
    cljs.closure$build.invoke (closure.clj:1807)
    cljs.build.api$build.invoke (api.clj:207)
    figwheel_sidecar.components.cljs_autobuild$cljs_build.invoke (cljs_autobuild.clj:22)
    figwheel_sidecar.build_middleware.injection$hook$fn__15947.invoke (injection.clj:139)
    figwheel_sidecar.build_middleware.notifications$hook$fn__16274.invoke (notifications.clj:187)
    figwheel_sidecar.build_middleware.clj_reloading$hook$fn__16350.invoke (clj_reloading.clj:115)
    figwheel_sidecar.build_middleware.javascript_reloading$hook$fn__16396.invoke (javascript_reloading.clj:60)
    figwheel_sidecar.components.cljs_autobuild$eval16411$figwheel_start_and_end_messages__16414$fn__16416.invoke (cljs_autobuild.clj:45)
    figwheel_sidecar.components.cljs_autobuild.CLJSAutobuild$fn__16441$fn__16442.invoke (cljs_autobuild.clj:137)
    figwheel_sidecar.utils$sync_exec$fn__1973$fn__1974.invoke (utils.clj:13)
    figwheel_sidecar.utils$sync_exec$fn__1973.invoke (utils.clj:12)
    clojure.core$binding_conveyor_fn$fn__4444.invoke (core.clj:1919)
    clojure.lang.AFn.applyToHelper (AFn.java:154)
    clojure.lang.RestFn.applyTo (RestFn.java:132)
    clojure.lang.Agent$Action.doRun (Agent.java:114)
    clojure.lang.Agent$Action.run (Agent.java:163)
    java.util.concurrent.ThreadPoolExecutor.runWorker (ThreadPoolExecutor.java:1145)
[32mSuccessfully compiled "resources/public/js/main.js" in 0.066 seconds.[0m
[0mCompiling "resources/public/js/main.js" from ["src/cljs/"]...
[31mCompiling "resources/public/js/main.js" failed.
[0mjava.lang.AssertionError: No ns form found in src/cljs/dictionator/multiplayer.cljs
 at cljs.analyzer$parse_ns$fn__1924.invoke (analyzer.cljc:2731)
    cljs.analyzer$parse_ns.invoke (analyzer.cljc:2682)
    cljs.analyzer$parse_ns.invoke (analyzer.cljc:2673)
    cljs.compiler$find_source.invoke (compiler.cljc:1389)
    clojure.core$map$fn__4553.invoke (core.clj:2624)
    clojure.lang.LazySeq.sval (LazySeq.java:40)
    clojure.lang.LazySeq.seq (LazySeq.java:49)
    clojure.lang.Cons.next (Cons.java:39)
    clojure.lang.RT.next (RT.java:674)
    clojure.core/next (core.clj:64)
    clojure.core$reduce1.invoke (core.clj:909)
    clojure.core$set.invoke (core.clj:3960)
    cljs.closure$add_dependency_sources.invoke (closure.clj:731)
    cljs.closure$build.invoke (closure.clj:1807)
    cljs.build.api$build.invoke (api.clj:207)
    figwheel_sidecar.components.cljs_autobuild$cljs_build.invoke (cljs_autobuild.clj:22)
    figwheel_sidecar.build_middleware.injection$hook$fn__15947.invoke (injection.clj:139)
    figwheel_sidecar.build_middleware.notifications$hook$fn__16274.invoke (notifications.clj:187)
    figwheel_sidecar.build_middleware.clj_reloading$hook$fn__16350.invoke (clj_reloading.clj:115)
    figwheel_sidecar.build_middleware.javascript_reloading$hook$fn__16396.invoke (javascript_reloading.clj:60)
    figwheel_sidecar.components.cljs_autobuild$eval16411$figwheel_start_and_end_messages__16414$fn__16416.invoke (cljs_autobuild.clj:45)
    figwheel_sidecar.components.cljs_autobuild.CLJSAutobuild$fn__16441$fn__16442.invoke (cljs_autobuild.clj:137)
    figwheel_sidecar.utils$sync_exec$fn__1973$fn__1974.invoke (utils.clj:13)
    figwheel_sidecar.utils$sync_exec$fn__1973.invoke (utils.clj:12)
    clojure.core$binding_conveyor_fn$fn__4444.invoke (core.clj:1919)
    clojure.lang.AFn.applyToHelper (AFn.java:154)
    clojure.lang.RestFn.applyTo (RestFn.java:132)
    clojure.lang.Agent$Action.doRun (Agent.java:114)
    clojure.lang.Agent$Action.run (Agent.java:163)
    java.util.concurrent.ThreadPoolExecutor.runWorker (ThreadPoolExecutor.java:1145)
[32mSuccessfully compiled "resources/public/js/main.js" in 0.032 seconds.[0m
[0mCompiling "resources/public/js/main.js" from ["src/cljs/"]...
[31mCompiling "resources/public/js/main.js" failed.
[0mjava.lang.AssertionError: No ns form found in src/cljs/dictionator/multiplayer.cljs
 at cljs.analyzer$parse_ns$fn__1924.invoke (analyzer.cljc:2731)
    cljs.analyzer$parse_ns.invoke (analyzer.cljc:2682)
    cljs.analyzer$parse_ns.invoke (analyzer.cljc:2673)
    cljs.compiler$find_source.invoke (compiler.cljc:1389)
    clojure.core$map$fn__4553.invoke (core.clj:2624)
    clojure.lang.LazySeq.sval (LazySeq.java:40)
    clojure.lang.LazySeq.seq (LazySeq.java:49)
    clojure.lang.Cons.next (Cons.java:39)
    clojure.lang.RT.next (RT.java:674)
    clojure.core/next (core.clj:64)
    clojure.core$reduce1.invoke (core.clj:909)
    clojure.core$set.invoke (core.clj:3960)
    cljs.closure$add_dependency_sources.invoke (closure.clj:731)
    cljs.closure$build.invoke (closure.clj:1807)
    cljs.build.api$build.invoke (api.clj:207)
    figwheel_sidecar.components.cljs_autobuild$cljs_build.invoke (cljs_autobuild.clj:22)
    figwheel_sidecar.build_middleware.injection$hook$fn__15947.invoke (injection.clj:139)
    figwheel_sidecar.build_middleware.notifications$hook$fn__16274.invoke (notifications.clj:187)
    figwheel_sidecar.build_middleware.clj_reloading$hook$fn__16350.invoke (clj_reloading.clj:115)
    figwheel_sidecar.build_middleware.javascript_reloading$hook$fn__16396.invoke (javascript_reloading.clj:60)
    figwheel_sidecar.components.cljs_autobuild$eval16411$figwheel_start_and_end_messages__16414$fn__16416.invoke (cljs_autobuild.clj:45)
    figwheel_sidecar.components.cljs_autobuild.CLJSAutobuild$fn__16441$fn__16442.invoke (cljs_autobuild.clj:137)
    figwheel_sidecar.utils$sync_exec$fn__1973$fn__1974.invoke (utils.clj:13)
    figwheel_sidecar.utils$sync_exec$fn__1973.invoke (utils.clj:12)
    clojure.core$binding_conveyor_fn$fn__4444.invoke (core.clj:1919)
    clojure.lang.AFn.applyToHelper (AFn.java:154)
    clojure.lang.RestFn.applyTo (RestFn.java:132)
    clojure.lang.Agent$Action.doRun (Agent.java:114)
    clojure.lang.Agent$Action.run (Agent.java:163)
    java.util.concurrent.ThreadPoolExecutor.runWorker (ThreadPoolExecutor.java:1145)
[32mSuccessfully compiled "resources/public/js/main.js" in 0.07 seconds.[0m
[0mCompiling "resources/public/js/main.js" from ["src/cljs/"]...
[31mCompiling "resources/public/js/main.js" failed.
[0mjava.lang.AssertionError: No ns form found in src/cljs/dictionator/multiplayer.cljs
 at cljs.analyzer$parse_ns$fn__1924.invoke (analyzer.cljc:2731)
    cljs.analyzer$parse_ns.invoke (analyzer.cljc:2682)
    cljs.analyzer$parse_ns.invoke (analyzer.cljc:2673)
    cljs.compiler$find_source.invoke (compiler.cljc:1389)
    clojure.core$map$fn__4553.invoke (core.clj:2624)
    clojure.lang.LazySeq.sval (LazySeq.java:40)
    clojure.lang.LazySeq.seq (LazySeq.java:49)
    clojure.lang.Cons.next (Cons.java:39)
    clojure.lang.RT.next (RT.java:674)
    clojure.core/next (core.clj:64)
    clojure.core$reduce1.invoke (core.clj:909)
    clojure.core$set.invoke (core.clj:3960)
    cljs.closure$add_dependency_sources.invoke (closure.clj:731)
    cljs.closure$build.invoke (closure.clj:1807)
    cljs.build.api$build.invoke (api.clj:207)
    figwheel_sidecar.components.cljs_autobuild$cljs_build.invoke (cljs_autobuild.clj:22)
    figwheel_sidecar.build_middleware.injection$hook$fn__15947.invoke (injection.clj:139)
    figwheel_sidecar.build_middleware.notifications$hook$fn__16274.invoke (notifications.clj:187)
    figwheel_sidecar.build_middleware.clj_reloading$hook$fn__16350.invoke (clj_reloading.clj:115)
    figwheel_sidecar.build_middleware.javascript_reloading$hook$fn__16396.invoke (javascript_reloading.clj:60)
    figwheel_sidecar.components.cljs_autobuild$eval16411$figwheel_start_and_end_messages__16414$fn__16416.invoke (cljs_autobuild.clj:45)
    figwheel_sidecar.components.cljs_autobuild.CLJSAutobuild$fn__16441$fn__16442.invoke (cljs_autobuild.clj:137)
    figwheel_sidecar.utils$sync_exec$fn__1973$fn__1974.invoke (utils.clj:13)
    figwheel_sidecar.utils$sync_exec$fn__1973.invoke (utils.clj:12)
    clojure.core$binding_conveyor_fn$fn__4444.invoke (core.clj:1919)
    clojure.lang.AFn.applyToHelper (AFn.java:154)
    clojure.lang.RestFn.applyTo (RestFn.java:132)
    clojure.lang.Agent$Action.doRun (Agent.java:114)
    clojure.lang.Agent$Action.run (Agent.java:163)
    java.util.concurrent.ThreadPoolExecutor.runWorker (ThreadPoolExecutor.java:1145)
[32mSuccessfully compiled "resources/public/js/main.js" in 0.036 seconds.[0m
[0mCompiling "resources/public/js/main.js" from ["src/cljs/"]...
[31mCompiling "resources/public/js/main.js" failed.
[0mjava.lang.AssertionError: No ns form found in src/cljs/dictionator/multiplayer.cljs
 at cljs.analyzer$parse_ns$fn__1924.invoke (analyzer.cljc:2731)
    cljs.analyzer$parse_ns.invoke (analyzer.cljc:2682)
    cljs.analyzer$parse_ns.invoke (analyzer.cljc:2673)
    cljs.compiler$find_source.invoke (compiler.cljc:1389)
    clojure.core$map$fn__4553.invoke (core.clj:2624)
    clojure.lang.LazySeq.sval (LazySeq.java:40)
    clojure.lang.LazySeq.seq (LazySeq.java:49)
    clojure.lang.Cons.next (Cons.java:39)
    clojure.lang.RT.next (RT.java:674)
    clojure.core/next (core.clj:64)
    clojure.core$reduce1.invoke (core.clj:909)
    clojure.core$set.invoke (core.clj:3960)
    cljs.closure$add_dependency_sources.invoke (closure.clj:731)
    cljs.closure$build.invoke (closure.clj:1807)
    cljs.build.api$build.invoke (api.clj:207)
    figwheel_sidecar.components.cljs_autobuild$cljs_build.invoke (cljs_autobuild.clj:22)
    figwheel_sidecar.build_middleware.injection$hook$fn__15947.invoke (injection.clj:139)
    figwheel_sidecar.build_middleware.notifications$hook$fn__16274.invoke (notifications.clj:187)
    figwheel_sidecar.build_middleware.clj_reloading$hook$fn__16350.invoke (clj_reloading.clj:115)
    figwheel_sidecar.build_middleware.javascript_reloading$hook$fn__16396.invoke (javascript_reloading.clj:60)
    figwheel_sidecar.components.cljs_autobuild$eval16411$figwheel_start_and_end_messages__16414$fn__16416.invoke (cljs_autobuild.clj:45)
    figwheel_sidecar.components.cljs_autobuild.CLJSAutobuild$fn__16441$fn__16442.invoke (cljs_autobuild.clj:137)
    figwheel_sidecar.utils$sync_exec$fn__1973$fn__1974.invoke (utils.clj:13)
    figwheel_sidecar.utils$sync_exec$fn__1973.invoke (utils.clj:12)
    clojure.core$binding_conveyor_fn$fn__4444.invoke (core.clj:1919)
    clojure.lang.AFn.applyToHelper (AFn.java:154)
    clojure.lang.RestFn.applyTo (RestFn.java:132)
    clojure.lang.Agent$Action.doRun (Agent.java:114)
    clojure.lang.Agent$Action.run (Agent.java:163)
    java.util.concurrent.ThreadPoolExecutor.runWorker (ThreadPoolExecutor.java:1145)
[32mSuccessfully compiled "resources/public/js/main.js" in 0.086 seconds.[0m
[0mCompiling "resources/public/js/main.js" from ["src/cljs/"]...
notifying browser that file changed:  resources/public/js/cljs_deps.js
notifying browser that file changed:  out/dictionator/multiplayer.js
[32mSuccessfully compiled "resources/public/js/main.js" in 1.411 seconds.[0m
[0mCompiling "resources/public/js/main.js" from ["src/cljs/"]...
WARNING: No such namespace: core, could not locate core.cljs, core.cljc, or Closure namespace "" at line 33 /Users/Dajanka/Development/dictionator/src/cljs/dictionator/singleplayer.cljs
WARNING: Use of undeclared Var core/footer at line 33 /Users/Dajanka/Development/dictionator/src/cljs/dictionator/singleplayer.cljs
notifying browser that file changed:  resources/public/js/cljs_deps.js
notifying browser that file changed:  out/dictionator/singleplayer.js
[32mSuccessfully compiled "resources/public/js/main.js" in 0.833 seconds.[0m
[0mCompiling "resources/public/js/main.js" from ["src/cljs/"]...
[31mCompiling "resources/public/js/main.js" failed.
[0mjava.lang.AssertionError: No ns form found in src/cljs/dictionator/common.cljs
 at cljs.analyzer$parse_ns$fn__1924.invoke (analyzer.cljc:2731)
    cljs.analyzer$parse_ns.invoke (analyzer.cljc:2682)
    cljs.analyzer$parse_ns.invoke (analyzer.cljc:2673)
    cljs.compiler$find_source.invoke (compiler.cljc:1389)
    clojure.core$map$fn__4553.invoke (core.clj:2624)
    clojure.lang.LazySeq.sval (LazySeq.java:40)
    clojure.lang.LazySeq.seq (LazySeq.java:56)
    clojure.lang.Cons.next (Cons.java:39)
    clojure.lang.RT.next (RT.java:674)
    clojure.core/next (core.clj:64)
    clojure.core$reduce1.invoke (core.clj:909)
    clojure.core$set.invoke (core.clj:3960)
    cljs.closure$add_dependency_sources.invoke (closure.clj:731)
    cljs.closure$build.invoke (closure.clj:1807)
    cljs.build.api$build.invoke (api.clj:207)
    figwheel_sidecar.components.cljs_autobuild$cljs_build.invoke (cljs_autobuild.clj:22)
    figwheel_sidecar.build_middleware.injection$hook$fn__15947.invoke (injection.clj:139)
    figwheel_sidecar.build_middleware.notifications$hook$fn__16274.invoke (notifications.clj:187)
    figwheel_sidecar.build_middleware.clj_reloading$hook$fn__16350.invoke (clj_reloading.clj:115)
    figwheel_sidecar.build_middleware.javascript_reloading$hook$fn__16396.invoke (javascript_reloading.clj:60)
    figwheel_sidecar.components.cljs_autobuild$eval16411$figwheel_start_and_end_messages__16414$fn__16416.invoke (cljs_autobuild.clj:45)
    figwheel_sidecar.components.cljs_autobuild.CLJSAutobuild$fn__16441$fn__16442.invoke (cljs_autobuild.clj:137)
    figwheel_sidecar.utils$sync_exec$fn__1973$fn__1974.invoke (utils.clj:13)
    figwheel_sidecar.utils$sync_exec$fn__1973.invoke (utils.clj:12)
    clojure.core$binding_conveyor_fn$fn__4444.invoke (core.clj:1919)
    clojure.lang.AFn.applyToHelper (AFn.java:154)
    clojure.lang.RestFn.applyTo (RestFn.java:132)
    clojure.lang.Agent$Action.doRun (Agent.java:114)
    clojure.lang.Agent$Action.run (Agent.java:163)
    java.util.concurrent.ThreadPoolExecutor.runWorker (ThreadPoolExecutor.java:1145)
[32mSuccessfully compiled "resources/public/js/main.js" in 0.065 seconds.[0m
[0mCompiling "resources/public/js/main.js" from ["src/cljs/"]...
notifying browser that file changed:  resources/public/js/cljs_deps.js
notifying browser that file changed:  out/dictionator/common.js
[32mSuccessfully compiled "resources/public/js/main.js" in 0.582 seconds.[0m
[0mCompiling "resources/public/js/main.js" from ["src/cljs/"]...
notifying browser that file changed:  out/dictionator/common.js
[32mSuccessfully compiled "resources/public/js/main.js" in 0.286 seconds.[0m
[0mCompiling "resources/public/js/main.js" from ["src/cljs/"]...
notifying browser that file changed:  resources/public/js/cljs_deps.js
notifying browser that file changed:  out/dictionator/singleplayer.js
[32mSuccessfully compiled "resources/public/js/main.js" in 1.119 seconds.[0m
[0mCompiling "resources/public/js/main.js" from ["src/cljs/"]...
notifying browser that file changed:  out/dictionator/common.js
[32mSuccessfully compiled "resources/public/js/main.js" in 1.051 seconds.[0m
[0mCompiling "resources/public/js/main.js" from ["src/cljs/"]...
notifying browser that file changed:  out/dictionator/common.js
[32mSuccessfully compiled "resources/public/js/main.js" in 0.708 seconds.[0m
[0mCompiling "resources/public/js/main.js" from ["src/cljs/"]...
notifying browser that file changed:  out/dictionator/singleplayer.js
[32mSuccessfully compiled "resources/public/js/main.js" in 0.669 seconds.[0m
[0mCompiling "resources/public/js/main.js" from ["src/cljs/"]...
notifying browser that file changed:  out/dictionator/common.js
[32mSuccessfully compiled "resources/public/js/main.js" in 0.638 seconds.[0m
[0mCompiling "resources/public/js/main.js" from ["src/cljs/"]...
notifying browser that file changed:  out/dictionator/singleplayer.js
[32mSuccessfully compiled "resources/public/js/main.js" in 0.609 seconds.[0m
[0mCompiling "resources/public/js/main.js" from ["src/cljs/"]...
WARNING: Use of undeclared Var dictionator.core/footer at line 91 /Users/Dajanka/Development/dictionator/src/cljs/dictionator/core.cljs
notifying browser that file changed:  out/dictionator/core.js
[32mSuccessfully compiled "resources/public/js/main.js" in 0.976 seconds.[0m
[0mCompiling "resources/public/js/main.js" from ["src/cljs/"]...
WARNING: Use of undeclared Var dictionator.core/footer at line 91 /Users/Dajanka/Development/dictionator/src/cljs/dictionator/core.cljs
notifying browser that file changed:  out/dictionator/singleplayer.js
[32mSuccessfully compiled "resources/public/js/main.js" in 0.634 seconds.[0m
[0mCompiling "resources/public/js/main.js" from ["src/cljs/"]...
WARNING: Use of undeclared Var dictionator.core/footer at line 93 src/cljs/dictionator/core.cljs
notifying browser that file changed:  resources/public/js/cljs_deps.js
notifying browser that file changed:  out/dictionator/core.js
[32mSuccessfully compiled "resources/public/js/main.js" in 0.632 seconds.[0m
[0mCompiling "resources/public/js/main.js" from ["src/cljs/"]...
WARNING: Use of undeclared Var dictionator.core/footer at line 92 src/cljs/dictionator/core.cljs
notifying browser that file changed:  out/dictionator/core.js
[32mSuccessfully compiled "resources/public/js/main.js" in 0.538 seconds.[0m
[0mCompiling "resources/public/js/main.js" from ["src/cljs/"]...
notifying browser that file changed:  out/dictionator/core.js
[32mSuccessfully compiled "resources/public/js/main.js" in 0.598 seconds.[0m
[0mCompiling "resources/public/js/main.js" from ["src/cljs/"]...
notifying browser that file changed:  out/dictionator/core.js
[32mSuccessfully compiled "resources/public/js/main.js" in 0.594 seconds.[0m
[0mCompiling "resources/public/js/main.js" from ["src/cljs/"]...
WARNING: Use of undeclared Var dictionator.core/a at line 11 src/cljs/dictionator/core.cljs
notifying browser that file changed:  out/dictionator/core.js
[32mSuccessfully compiled "resources/public/js/main.js" in 0.548 seconds.[0m
[0mCompiling "resources/public/js/main.js" from ["src/cljs/"]...
notifying browser that file changed:  out/dictionator/core.js
[32mSuccessfully compiled "resources/public/js/main.js" in 0.545 seconds.[0m
[0mCompiling "resources/public/js/main.js" from ["src/cljs/"]...
notifying browser that file changed:  resources/public/js/cljs_deps.js
notifying browser that file changed:  out/dictionator/multiplayer.js
[32mSuccessfully compiled "resources/public/js/main.js" in 0.952 seconds.[0m
[0mCompiling "resources/public/js/main.js" from ["src/cljs/"]...
notifying browser that file changed:  out/dictionator/multiplayer.js
[32mSuccessfully compiled "resources/public/js/main.js" in 0.718 seconds.[0m
[0mCompiling "resources/public/js/main.js" from ["src/cljs/"]...
WARNING: No such namespace: common, could not locate common.cljs, common.cljc, or Closure namespace "" at line 94 /Users/Dajanka/Development/dictionator/src/cljs/dictionator/common.cljs
WARNING: Use of undeclared Var common/footer at line 94 /Users/Dajanka/Development/dictionator/src/cljs/dictionator/common.cljs
notifying browser that file changed:  out/dictionator/common.js
[32mSuccessfully compiled "resources/public/js/main.js" in 1.298 seconds.[0m
[0mCompiling "resources/public/js/main.js" from ["src/cljs/"]...
notifying browser that file changed:  out/dictionator/common.js
[32mSuccessfully compiled "resources/public/js/main.js" in 0.784 seconds.[0m
[0mCompiling "resources/public/js/main.js" from ["src/cljs/"]...
notifying browser that file changed:  out/dictionator/core.js
[32mSuccessfully compiled "resources/public/js/main.js" in 0.452 seconds.[0m
[0mCompiling "resources/public/js/main.js" from ["src/cljs/"]...
notifying browser that file changed:  out/dictionator/core.js
[32mSuccessfully compiled "resources/public/js/main.js" in 0.694 seconds.[0m
[0mCompiling "resources/public/js/main.js" from ["src/cljs/"]...
notifying browser that file changed:  out/dictionator/common.js
[32mSuccessfully compiled "resources/public/js/main.js" in 0.626 seconds.[0m
[0mCompiling "resources/public/js/main.js" from ["src/cljs/"]...
notifying browser that file changed:  out/dictionator/common.js
[32mSuccessfully compiled "resources/public/js/main.js" in 0.621 seconds.[0m
[0mCompiling "resources/public/js/main.js" from ["src/cljs/"]...
notifying browser that file changed:  out/dictionator/common.js
[32mSuccessfully compiled "resources/public/js/main.js" in 0.694 seconds.[0m
[0mCompiling "resources/public/js/main.js" from ["src/cljs/"]...
[31mCompiling "resources/public/js/main.js" failed.
[0mANALYSIS ERROR: Wrong number of args (2) passed to: dom/div at line 104 /Users/Dajanka/Development/dictionator/src/cljs/dictionator/common.cljs on file /Users/Dajanka/Development/dictionator/src/cljs/dictionator/common.cljs, line 104, column 11
[32mSuccessfully compiled "resources/public/js/main.js" in 0.361 seconds.[0m
[0mCompiling "resources/public/js/main.js" from ["src/cljs/"]...
notifying browser that file changed:  out/dictionator/common.js
[32mSuccessfully compiled "resources/public/js/main.js" in 1.093 seconds.[0m
[0mCompiling "resources/public/js/main.js" from ["src/cljs/"]...
notifying browser that file changed:  out/dictionator/common.js
[32mSuccessfully compiled "resources/public/js/main.js" in 0.709 seconds.[0m
[0mCompiling "resources/public/js/main.js" from ["src/cljs/"]...
notifying browser that file changed:  out/dictionator/common.js
[32mSuccessfully compiled "resources/public/js/main.js" in 0.994 seconds.[0m
[0mCompiling "resources/public/js/main.js" from ["src/cljs/"]...
notifying browser that file changed:  out/dictionator/core.js
[32mSuccessfully compiled "resources/public/js/main.js" in 0.825 seconds.[0m
[0mCompiling "resources/public/js/main.js" from ["src/cljs/"]...
notifying browser that file changed:  out/dictionator/core.js
[32mSuccessfully compiled "resources/public/js/main.js" in 0.4 seconds.[0m
[0mCompiling "resources/public/js/main.js" from ["src/cljs/"]...
notifying browser that file changed:  out/dictionator/core.js
[32mSuccessfully compiled "resources/public/js/main.js" in 0.792 seconds.[0m
[0mCompiling "resources/public/js/main.js" from ["src/cljs/"]...
notifying browser that file changed:  out/dictionator/core.js
[32mSuccessfully compiled "resources/public/js/main.js" in 0.535 seconds.[0m
[0mCompiling "resources/public/js/main.js" from ["src/cljs/"]...
notifying browser that file changed:  out/dictionator/common.js
[32mSuccessfully compiled "resources/public/js/main.js" in 1.415 seconds.[0m
[0mCompiling "resources/public/js/main.js" from ["src/cljs/"]...
notifying browser that file changed:  out/dictionator/core.js
[32mSuccessfully compiled "resources/public/js/main.js" in 0.572 seconds.[0m
[0mCompiling "resources/public/js/main.js" from ["src/cljs/"]...
notifying browser that file changed:  out/dictionator/core.js
[32mSuccessfully compiled "resources/public/js/main.js" in 0.549 seconds.[0m
[0mCompiling "resources/public/js/main.js" from ["src/cljs/"]...
notifying browser that file changed:  out/dictionator/common.js
[32mSuccessfully compiled "resources/public/js/main.js" in 0.761 seconds.[0m
[0mCompiling "resources/public/js/main.js" from ["src/cljs/"]...
notifying browser that file changed:  out/dictionator/common.js
[32mSuccessfully compiled "resources/public/js/main.js" in 0.807 seconds.[0m
[0mCompiling "resources/public/js/main.js" from ["src/cljs/"]...
notifying browser that file changed:  out/dictionator/common.js
[32mSuccessfully compiled "resources/public/js/main.js" in 0.72 seconds.[0m
[0mCompiling "resources/public/js/main.js" from ["src/cljs/"]...
notifying browser that file changed:  out/dictionator/core.js
[32mSuccessfully compiled "resources/public/js/main.js" in 0.753 seconds.[0m
[0mCompiling "resources/public/js/main.js" from ["src/cljs/"]...
notifying browser that file changed:  out/dictionator/core.js
[32mSuccessfully compiled "resources/public/js/main.js" in 0.77 seconds.[0m
[0mCompiling "resources/public/js/main.js" from ["src/cljs/"]...
WARNING: Use of undeclared Var dictionator.common/submit-name at line 94 /Users/Dajanka/Development/dictionator/src/cljs/dictionator/common.cljs
notifying browser that file changed:  out/dictionator/common.js
[32mSuccessfully compiled "resources/public/js/main.js" in 0.974 seconds.[0m
[0mCompiling "resources/public/js/main.js" from ["src/cljs/"]...
notifying browser that file changed:  out/dictionator/common.js
[32mSuccessfully compiled "resources/public/js/main.js" in 0.737 seconds.[0m
[0mCompiling "resources/public/js/main.js" from ["src/cljs/"]...
[31mCompiling "resources/public/js/main.js" failed.
[0mERROR: Map literal must contain an even number of forms on file /Users/Dajanka/Development/dictionator/src/cljs/dictionator/common.cljs, line 41, column 48
[32mSuccessfully compiled "resources/public/js/main.js" in 0.175 seconds.[0m
[0mCompiling "resources/public/js/main.js" from ["src/cljs/"]...
WARNING: Use of undeclared Var dictionator.common/submit-name at line 41 /Users/Dajanka/Development/dictionator/src/cljs/dictionator/common.cljs
notifying browser that file changed:  out/dictionator/common.js
[32mSuccessfully compiled "resources/public/js/main.js" in 0.741 seconds.[0m
[0mCompiling "resources/public/js/main.js" from ["src/cljs/"]...
notifying browser that file changed:  out/dictionator/common.js
[32mSuccessfully compiled "resources/public/js/main.js" in 1.214 seconds.[0m
[0mCompiling "resources/public/js/main.js" from ["src/cljs/"]...
notifying browser that file changed:  out/dictionator/common.js
[32mSuccessfully compiled "resources/public/js/main.js" in 0.733 seconds.[0m
[0mCompiling "resources/public/js/main.js" from ["src/cljs/"]...
notifying browser that file changed:  out/dictionator/common.js
[32mSuccessfully compiled "resources/public/js/main.js" in 0.816 seconds.[0m
[0mCompiling "resources/public/js/main.js" from ["src/cljs/"]...
notifying browser that file changed:  out/dictionator/common.js
[32mSuccessfully compiled "resources/public/js/main.js" in 1.172 seconds.[0m
[0mCompiling "resources/public/js/main.js" from ["src/cljs/"]...
notifying browser that file changed:  out/dictionator/common.js
[32mSuccessfully compiled "resources/public/js/main.js" in 0.722 seconds.[0m
[0mCompiling "resources/public/js/main.js" from ["src/cljs/"]...
notifying browser that file changed:  out/dictionator/common.js
[32mSuccessfully compiled "resources/public/js/main.js" in 1.13 seconds.[0m
[0mCompiling "resources/public/js/main.js" from ["src/cljs/"]...
notifying browser that file changed:  out/dictionator/common.js
[32mSuccessfully compiled "resources/public/js/main.js" in 1.089 seconds.[0m
[0mCompiling "resources/public/js/main.js" from ["src/cljs/"]...
notifying browser that file changed:  out/dictionator/common.js
[32mSuccessfully compiled "resources/public/js/main.js" in 1.173 seconds.[0m
[0mCompiling "resources/public/js/main.js" from ["src/cljs/"]...
WARNING: Wrong number of args (3) passed to dictionator.common/screens at line 93 /Users/Dajanka/Development/dictionator/src/cljs/dictionator/common.cljs
WARNING: Wrong number of args (3) passed to dictionator.common/screens at line 95 /Users/Dajanka/Development/dictionator/src/cljs/dictionator/common.cljs
notifying browser that file changed:  out/dictionator/common.js
[32mSuccessfully compiled "resources/public/js/main.js" in 1.259 seconds.[0m
[0mCompiling "resources/public/js/main.js" from ["src/cljs/"]...
WARNING: Wrong number of args (3) passed to dictionator.common/screens at line 95 /Users/Dajanka/Development/dictionator/src/cljs/dictionator/common.cljs
WARNING: Use of undeclared Var dictionator.common/select-game at line 95 /Users/Dajanka/Development/dictionator/src/cljs/dictionator/common.cljs
notifying browser that file changed:  out/dictionator/common.js
[32mSuccessfully compiled "resources/public/js/main.js" in 1.902 seconds.[0m
[0mCompiling "resources/public/js/main.js" from ["src/cljs/"]...
WARNING: Use of undeclared Var dictionator.common/select-game at line 95 /Users/Dajanka/Development/dictionator/src/cljs/dictionator/common.cljs
notifying browser that file changed:  out/dictionator/common.js
[32mSuccessfully compiled "resources/public/js/main.js" in 1.631 seconds.[0m
[0mCompiling "resources/public/js/main.js" from ["src/cljs/"]...
notifying browser that file changed:  out/dictionator/common.js
[32mSuccessfully compiled "resources/public/js/main.js" in 1.161 seconds.[0m
[0mCompiling "resources/public/js/main.js" from ["src/cljs/"]...
notifying browser that file changed:  out/dictionator/common.js
[32mSuccessfully compiled "resources/public/js/main.js" in 1.082 seconds.[0m
[0mCompiling "resources/public/js/main.js" from ["src/cljs/"]...
notifying browser that file changed:  out/dictionator/core.js
[32mSuccessfully compiled "resources/public/js/main.js" in 1.66 seconds.[0m
[0mCompiling "resources/public/js/main.js" from ["src/cljs/"]...
WARNING: No such namespace: common, could not locate common.cljs, common.cljc, or Closure namespace "" at line 129 /Users/Dajanka/Development/dictionator/src/cljs/dictionator/common.cljs
WARNING: Use of undeclared Var common/footer at line 129 /Users/Dajanka/Development/dictionator/src/cljs/dictionator/common.cljs
notifying browser that file changed:  out/dictionator/common.js
[32mSuccessfully compiled "resources/public/js/main.js" in 1.658 seconds.[0m
[0mCompiling "resources/public/js/main.js" from ["src/cljs/"]...
WARNING: No such namespace: common, could not locate common.cljs, common.cljc, or Closure namespace "" at line 127 /Users/Dajanka/Development/dictionator/src/cljs/dictionator/common.cljs
WARNING: Use of undeclared Var common/footer at line 127 /Users/Dajanka/Development/dictionator/src/cljs/dictionator/common.cljs
notifying browser that file changed:  out/dictionator/common.js
[32mSuccessfully compiled "resources/public/js/main.js" in 1.2 seconds.[0m
[0mCompiling "resources/public/js/main.js" from ["src/cljs/"]...
notifying browser that file changed:  out/dictionator/common.js
[32mSuccessfully compiled "resources/public/js/main.js" in 1.19 seconds.[0m
[0mCompiling "resources/public/js/main.js" from ["src/cljs/"]...
WARNING: Use of undeclared Var dictionator.common/GameWrapper at line 134 /Users/Dajanka/Development/dictionator/src/cljs/dictionator/common.cljs
notifying browser that file changed:  out/dictionator/common.js
[32mSuccessfully compiled "resources/public/js/main.js" in 0.991 seconds.[0m
[0mCompiling "resources/public/js/main.js" from ["src/cljs/"]...
notifying browser that file changed:  out/dictionator/common.js
[32mSuccessfully compiled "resources/public/js/main.js" in 1.176 seconds.[0m
[0mCompiling "resources/public/js/main.js" from ["src/cljs/"]...
WARNING: Use of undeclared Var dictionator.multiplayer/players at line 18 /Users/Dajanka/Development/dictionator/src/cljs/dictionator/multiplayer.cljs
notifying browser that file changed:  out/dictionator/multiplayer.js
[32mSuccessfully compiled "resources/public/js/main.js" in 1.192 seconds.[0m
[0mCompiling "resources/public/js/main.js" from ["src/cljs/"]...
WARNING: Use of undeclared Var dictionator.multiplayer/players at line 18 /Users/Dajanka/Development/dictionator/src/cljs/dictionator/multiplayer.cljs
notifying browser that file changed:  out/dictionator/multiplayer.js
[32mSuccessfully compiled "resources/public/js/main.js" in 1.084 seconds.[0m
[0mCompiling "resources/public/js/main.js" from ["src/cljs/"]...
notifying browser that file changed:  resources/public/js/cljs_deps.js
notifying browser that file changed:  out/dictionator/common.js
[32mSuccessfully compiled "resources/public/js/main.js" in 1.303 seconds.[0m
[0mCompiling "resources/public/js/main.js" from ["src/cljs/"]...
WARNING: Use of undeclared Var dictionator.multiplayer/players at line 17 /Users/Dajanka/Development/dictionator/src/cljs/dictionator/multiplayer.cljs
notifying browser that file changed:  resources/public/js/cljs_deps.js
notifying browser that file changed:  out/dictionator/multiplayer.js
[32mSuccessfully compiled "resources/public/js/main.js" in 0.88 seconds.[0m
[0mCompiling "resources/public/js/main.js" from ["src/cljs/"]...
WARNING: Use of undeclared Var dictionator.common/multiplayer-choosing-game at line 113 /Users/Dajanka/Development/dictionator/src/cljs/dictionator/common.cljs
notifying browser that file changed:  out/dictionator/common.js
[32mSuccessfully compiled "resources/public/js/main.js" in 1.247 seconds.[0m
[0mCompiling "resources/public/js/main.js" from ["src/cljs/"]...
notifying browser that file changed:  out/dictionator/common.js
[32mSuccessfully compiled "resources/public/js/main.js" in 0.778 seconds.[0m
[0mCompiling "resources/public/js/main.js" from ["src/cljs/"]...
WARNING: Use of undeclared Var dictionator.common/multiplayer-state at line 22 src/cljs/dictionator/core.cljs
notifying browser that file changed:  out/dictionator/core.js
[32mSuccessfully compiled "resources/public/js/main.js" in 0.821 seconds.[0m
[0mCompiling "resources/public/js/main.js" from ["src/cljs/"]...
WARNING: Use of undeclared Var dictionator.common/multiplayer-state at line 22 src/cljs/dictionator/core.cljs
notifying browser that file changed:  out/dictionator/common.js
[32mSuccessfully compiled "resources/public/js/main.js" in 1.268 seconds.[0m
[0mCompiling "resources/public/js/main.js" from ["src/cljs/"]...
notifying browser that file changed:  out/dictionator/core.js
[32mSuccessfully compiled "resources/public/js/main.js" in 0.421 seconds.[0m
[0mCompiling "resources/public/js/main.js" from ["src/cljs/"]...
notifying browser that file changed:  out/dictionator/core.js
[32mSuccessfully compiled "resources/public/js/main.js" in 0.421 seconds.[0m
[0mCompiling "resources/public/js/main.js" from ["src/cljs/"]...
WARNING: Use of undeclared Var dictionator.multiplayer/players at line 17 /Users/Dajanka/Development/dictionator/src/cljs/dictionator/multiplayer.cljs
notifying browser that file changed:  out/dictionator/multiplayer.js
[32mSuccessfully compiled "resources/public/js/main.js" in 0.923 seconds.[0m
[0mCompiling "resources/public/js/main.js" from ["src/cljs/"]...
WARNING: Use of undeclared Var dictionator.multiplayer/players at line 17 /Users/Dajanka/Development/dictionator/src/cljs/dictionator/multiplayer.cljs
notifying browser that file changed:  out/dictionator/multiplayer.js
[32mSuccessfully compiled "resources/public/js/main.js" in 1.062 seconds.[0m
[0mCompiling "resources/public/js/main.js" from ["src/cljs/"]...
notifying browser that file changed:  out/dictionator/multiplayer.js
[32mSuccessfully compiled "resources/public/js/main.js" in 0.852 seconds.[0m
[0mCompiling "resources/public/js/main.js" from ["src/cljs/"]...
notifying browser that file changed:  out/dictionator/multiplayer.js
[32mSuccessfully compiled "resources/public/js/main.js" in 1.005 seconds.[0m
[0mCompiling "resources/public/js/main.js" from ["src/cljs/"]...
notifying browser that file changed:  out/dictionator/multiplayer.js
[32mSuccessfully compiled "resources/public/js/main.js" in 1.12 seconds.[0m
[0mCompiling "resources/public/js/main.js" from ["src/cljs/"]...
notifying browser that file changed:  out/dictionator/multiplayer.js
[32mSuccessfully compiled "resources/public/js/main.js" in 1.404 seconds.[0m
[0mCompiling "resources/public/js/main.js" from ["src/cljs/"]...
WARNING: Use of undeclared Var dictionator.multiplayer/group-name at line 15 /Users/Dajanka/Development/dictionator/src/cljs/dictionator/multiplayer.cljs
notifying browser that file changed:  out/dictionator/multiplayer.js
[32mSuccessfully compiled "resources/public/js/main.js" in 1.269 seconds.[0m
[0mCompiling "resources/public/js/main.js" from ["src/cljs/"]...
notifying browser that file changed:  out/dictionator/core.js
[32mSuccessfully compiled "resources/public/js/main.js" in 0.62 seconds.[0m
[0mCompiling "resources/public/js/main.js" from ["src/cljs/"]...
notifying browser that file changed:  out/dictionator/core.js
[32mSuccessfully compiled "resources/public/js/main.js" in 0.541 seconds.[0m
[0mCompiling "resources/public/js/main.js" from ["src/cljs/"]...
notifying browser that file changed:  out/dictionator/core.js
[32mSuccessfully compiled "resources/public/js/main.js" in 0.406 seconds.[0m
[0mCompiling "resources/public/js/main.js" from ["src/cljs/"]...
notifying browser that file changed:  out/dictionator/common.js
[32mSuccessfully compiled "resources/public/js/main.js" in 1.198 seconds.[0m
[0mCompiling "resources/public/js/main.js" from ["src/cljs/"]...
WARNING: Use of undeclared Var dictionator.multiplayer/group-name at line 15 /Users/Dajanka/Development/dictionator/src/cljs/dictionator/multiplayer.cljs
notifying browser that file changed:  out/dictionator/multiplayer.js
[32mSuccessfully compiled "resources/public/js/main.js" in 1.096 seconds.[0m
[0mCompiling "resources/public/js/main.js" from ["src/cljs/"]...
notifying browser that file changed:  out/dictionator/common.js
[32mSuccessfully compiled "resources/public/js/main.js" in 1.329 seconds.[0m
[0mCompiling "resources/public/js/main.js" from ["src/cljs/"]...
WARNING: Use of undeclared Var dictionator.multiplayer/group-name at line 15 /Users/Dajanka/Development/dictionator/src/cljs/dictionator/multiplayer.cljs
WARNING: Wrong number of args (0) passed to cljs.core/map at line 34 /Users/Dajanka/Development/dictionator/src/cljs/dictionator/multiplayer.cljs
notifying browser that file changed:  out/dictionator/multiplayer.js
[32mSuccessfully compiled "resources/public/js/main.js" in 0.933 seconds.[0m
[0mCompiling "resources/public/js/main.js" from ["src/cljs/"]...
WARNING: Use of undeclared Var dictionator.multiplayer/group-name at line 15 /Users/Dajanka/Development/dictionator/src/cljs/dictionator/multiplayer.cljs
notifying browser that file changed:  out/dictionator/multiplayer.js
[32mSuccessfully compiled "resources/public/js/main.js" in 0.995 seconds.[0m
[0mCompiling "resources/public/js/main.js" from ["src/cljs/"]...
WARNING: Use of undeclared Var dictionator.multiplayer/group-name at line 15 /Users/Dajanka/Development/dictionator/src/cljs/dictionator/multiplayer.cljs
WARNING: Use of undeclared Var dictionator.multiplayer/teams at line 38 /Users/Dajanka/Development/dictionator/src/cljs/dictionator/multiplayer.cljs
notifying browser that file changed:  out/dictionator/multiplayer.js
[32mSuccessfully compiled "resources/public/js/main.js" in 1.097 seconds.[0m
[0mCompiling "resources/public/js/main.js" from ["src/cljs/"]...
notifying browser that file changed:  out/dictionator/core.js
[32mSuccessfully compiled "resources/public/js/main.js" in 0.85 seconds.[0m
[0mCompiling "resources/public/js/main.js" from ["src/cljs/"]...
WARNING: Use of undeclared Var dictionator.multiplayer/team-name at line 15 /Users/Dajanka/Development/dictionator/src/cljs/dictionator/multiplayer.cljs
WARNING: Use of undeclared Var dictionator.multiplayer/teams at line 38 /Users/Dajanka/Development/dictionator/src/cljs/dictionator/multiplayer.cljs
notifying browser that file changed:  out/dictionator/multiplayer.js
[32mSuccessfully compiled "resources/public/js/main.js" in 1.287 seconds.[0m
[0mCompiling "resources/public/js/main.js" from ["src/cljs/"]...
WARNING: Use of undeclared Var dictionator.multiplayer/team-name at line 15 /Users/Dajanka/Development/dictionator/src/cljs/dictionator/multiplayer.cljs
notifying browser that file changed:  out/dictionator/multiplayer.js
[32mSuccessfully compiled "resources/public/js/main.js" in 1.519 seconds.[0m
[0mCompiling "resources/public/js/main.js" from ["src/cljs/"]...
notifying browser that file changed:  out/dictionator/multiplayer.js
[32mSuccessfully compiled "resources/public/js/main.js" in 1.008 seconds.[0m
[0mCompiling "resources/public/js/main.js" from ["src/cljs/"]...
notifying browser that file changed:  out/dictionator/common.js
[32mSuccessfully compiled "resources/public/js/main.js" in 1.793 seconds.[0m
[0mCompiling "resources/public/js/main.js" from ["src/cljs/"]...
notifying browser that file changed:  out/dictionator/multiplayer.js
[32mSuccessfully compiled "resources/public/js/main.js" in 1.583 seconds.[0m
[0mCompiling "resources/public/js/main.js" from ["src/cljs/"]...
notifying browser that file changed:  out/dictionator/multiplayer.js
[32mSuccessfully compiled "resources/public/js/main.js" in 1.049 seconds.[0m
[0mCompiling "resources/public/js/main.js" from ["src/cljs/"]...
notifying browser that file changed:  out/dictionator/multiplayer.js
[32mSuccessfully compiled "resources/public/js/main.js" in 1.05 seconds.[0m
[0mCompiling "resources/public/js/main.js" from ["src/cljs/"]...
notifying browser that file changed:  out/dictionator/common.js
[32mSuccessfully compiled "resources/public/js/main.js" in 3.342 seconds.[0m
[0mCompiling "resources/public/js/main.js" from ["src/cljs/"]...
notifying browser that file changed:  out/dictionator/common.js
[32mSuccessfully compiled "resources/public/js/main.js" in 1.1 seconds.[0m
[0mCompiling "resources/public/js/main.js" from ["src/cljs/"]...
notifying browser that file changed:  out/dictionator/common.js
[32mSuccessfully compiled "resources/public/js/main.js" in 1.108 seconds.[0m
[0mCompiling "resources/public/js/main.js" from ["src/cljs/"]...
notifying browser that file changed:  out/dictionator/common.js
[32mSuccessfully compiled "resources/public/js/main.js" in 0.863 seconds.[0m
[0mCompiling "resources/public/js/main.js" from ["src/cljs/"]...
notifying browser that file changed:  out/dictionator/common.js
[32mSuccessfully compiled "resources/public/js/main.js" in 0.815 seconds.[0m
[0mCompiling "resources/public/js/main.js" from ["src/cljs/"]...
notifying browser that file changed:  out/dictionator/singleplayer.js
[32mSuccessfully compiled "resources/public/js/main.js" in 0.396 seconds.[0m
